#
# There is insufficient memory for the Java Runtime Environment to continue.
# Native memory allocation (mmap) failed to map 68157440 bytes for Failed to commit area from 0x0000000094100000 to 0x0000000098200000 of length 68157440.
# Possible reasons:
#   The system is out of physical RAM or swap space
#   The process is running with CompressedOops enabled, and the Java Heap may be blocking the growth of the native heap
# Possible solutions:
#   Reduce memory load on the system
#   Increase physical memory or swap space
#   Check if swap backing store is full
#   Decrease Java heap size (-Xmx/-Xms)
#   Decrease number of Java threads
#   Decrease Java thread stack sizes (-Xss)
#   Set larger code cache with -XX:ReservedCodeCacheSize=
#   JVM is running with Unscaled Compressed Oops mode in which the Java heap is
#     placed in the first 4GB address space. The Java Heap base address is the
#     maximum limit for the native heap growth. Please use -XX:HeapBaseMinAddress
#     to set the Java Heap base and to place the Java Heap above 4GB virtual address.
# This output file may be truncated or incomplete.
#
#  Out of Memory Error (src/hotspot/os/windows/os_windows.cpp:3627), pid=13056, tid=4748
#
# JRE version: OpenJDK Runtime Environment (11.0.15) (build 11.0.15+0-b2043.56-9505619)
# Java VM: OpenJDK 64-Bit Server VM (11.0.15+0-b2043.56-9505619, mixed mode, tiered, compressed oops, g1 gc, windows-amd64)
# No core dump will be written. Minidumps are not enabled by default on client versions of Windows
#

---------------  S U M M A R Y ------------

Command Line: --add-opens=java.base/java.util=ALL-UNNAMED --add-opens=java.base/java.lang=ALL-UNNAMED --add-opens=java.base/java.lang.invoke=ALL-UNNAMED --add-opens=java.base/java.util=ALL-UNNAMED --add-opens=java.prefs/java.util.prefs=ALL-UNNAMED --add-opens=java.prefs/java.util.prefs=ALL-UNNAMED --add-opens=java.base/java.nio.charset=ALL-UNNAMED --add-opens=java.base/java.net=ALL-UNNAMED --add-opens=java.base/java.util.concurrent.atomic=ALL-UNNAMED -Xmx2048m -Dfile.encoding=UTF-8 -Duser.country=US -Duser.language=en -Duser.variant org.gradle.launcher.daemon.bootstrap.GradleDaemon 7.0.2

Host: Intel(R) Core(TM) i5-3340M CPU @ 2.70GHz, 4 cores, 7G,  Windows 10 , 64 bit Build 19041 (10.0.19041.1806)
Time: Tue Mar 28 21:35:42 2023 Pakistan Standard Time elapsed time: 137.435021 seconds (0d 0h 2m 17s)

---------------  T H R E A D  ---------------

Current thread (0x00000213fe6d4800):  VMThread "VM Thread" [stack: 0x0000005aeaf00000,0x0000005aeb000000] [id=4748]

Stack: [0x0000005aeaf00000,0x0000005aeb000000]
[error occurred during error reporting (printing stack bounds), id 0xc0000005, EXCEPTION_ACCESS_VIOLATION (0xc0000005) at pc=0x00000213ebe4112d]

Native frames: (J=compiled Java code, j=interpreted, Vv=VM code, C=native code)
V  [jvm.dll+0x64135a]
V  [jvm.dll+0x7d39f9]
V  [jvm.dll+0x7d51b9]
V  [jvm.dll+0x7d5805]
V  [jvm.dll+0x7d57bb]
V  [jvm.dll+0x640655]
V  [jvm.dll+0x640d68]
C  [ntdll.dll+0xa229f]
C  [ntdll.dll+0x51454]
C  [ntdll.dll+0xa0dce]
C  0x00000213ebe4112d

VM_Operation (0x0000005aedaf8bc0): G1CollectForAllocation, mode: safepoint, requested by thread 0x0000021386e3a000


---------------  P R O C E S S  ---------------

Threads class SMR info:
_java_thread_list=0x0000021389e094c0, length=50, elements={
0x00000213e6b41000, 0x00000213fe6d6800, 0x00000213fe6e0000, 0x00000213fe6f0000,
0x00000213fe6f2800, 0x00000213fe6f4800, 0x00000213fe6fa000, 0x00000213fe708800,
0x00000213fe70a000, 0x00000213ff1ae800, 0x00000213856f1800, 0x00000213850ed000,
0x00000213853ce000, 0x00000213853a3800, 0x0000021384c15800, 0x00000213852d2800,
0x000002138594a800, 0x000002138471e000, 0x0000021384d2b800, 0x0000021384ad1000,
0x0000021384ad2000, 0x0000021384ad3800, 0x0000021384ad2800, 0x0000021386e36000,
0x0000021386e31000, 0x0000021386e32000, 0x0000021386e34800, 0x0000021386e33800,
0x0000021386e30800, 0x0000021386e35000, 0x0000021386e37000, 0x0000021386e37800,
0x0000021386e33000, 0x0000021386e3e000, 0x0000021386e3f000, 0x0000021386e39800,
0x0000021386e3d800, 0x0000021386e3a000, 0x0000021386e3c800, 0x0000021386e3b000,
0x0000021389c10800, 0x0000021389c10000, 0x0000021389c11800, 0x0000021389c0e000,
0x0000021389c12000, 0x0000021389c0f000, 0x0000021389c0c800, 0x0000021389c19000,
0x0000021389c18000, 0x000002138471e800
}

Java Threads: ( => current thread )
  0x00000213e6b41000 JavaThread "main" [_thread_blocked, id=13136, stack(0x0000005aea900000,0x0000005aeaa00000)]
  0x00000213fe6d6800 JavaThread "Reference Handler" daemon [_thread_blocked, id=4768, stack(0x0000005aeb000000,0x0000005aeb100000)]
  0x00000213fe6e0000 JavaThread "Finalizer" daemon [_thread_blocked, id=4812, stack(0x0000005aeb100000,0x0000005aeb200000)]
  0x00000213fe6f0000 JavaThread "Signal Dispatcher" daemon [_thread_blocked, id=8896, stack(0x0000005aeb200000,0x0000005aeb300000)]
  0x00000213fe6f2800 JavaThread "Attach Listener" daemon [_thread_blocked, id=12484, stack(0x0000005aeb300000,0x0000005aeb400000)]
  0x00000213fe6f4800 JavaThread "Service Thread" daemon [_thread_blocked, id=8200, stack(0x0000005aeb400000,0x0000005aeb500000)]
  0x00000213fe6fa000 JavaThread "C2 CompilerThread0" daemon [_thread_blocked, id=12780, stack(0x0000005aeb500000,0x0000005aeb600000)]
  0x00000213fe708800 JavaThread "C1 CompilerThread0" daemon [_thread_blocked, id=13096, stack(0x0000005aeb600000,0x0000005aeb700000)]
  0x00000213fe70a000 JavaThread "Sweeper thread" daemon [_thread_blocked, id=9372, stack(0x0000005aeb700000,0x0000005aeb800000)]
  0x00000213ff1ae800 JavaThread "Common-Cleaner" daemon [_thread_blocked, id=8104, stack(0x0000005aeb800000,0x0000005aeb900000)]
  0x00000213856f1800 JavaThread "Daemon health stats" [_thread_blocked, id=2620, stack(0x0000005aebd00000,0x0000005aebe00000)]
  0x00000213850ed000 JavaThread "Incoming local TCP Connector on port 56966" [_thread_in_native, id=6664, stack(0x0000005aeba00000,0x0000005aebb00000)]
  0x00000213853ce000 JavaThread "Daemon periodic checks" [_thread_blocked, id=13260, stack(0x0000005aebe00000,0x0000005aebf00000)]
  0x00000213853a3800 JavaThread "Daemon" [_thread_blocked, id=9812, stack(0x0000005aebf00000,0x0000005aec000000)]
  0x0000021384c15800 JavaThread "Handler for socket connection from /127.0.0.1:56966 to /127.0.0.1:56967" [_thread_in_native, id=11856, stack(0x0000005aec000000,0x0000005aec100000)]
  0x00000213852d2800 JavaThread "Cancel handler" [_thread_blocked, id=2800, stack(0x0000005aec100000,0x0000005aec200000)]
  0x000002138594a800 JavaThread "Daemon worker" [_thread_blocked, id=1708, stack(0x0000005aec200000,0x0000005aec300000)]
  0x000002138471e000 JavaThread "Asynchronous log dispatcher for DefaultDaemonConnection: socket connection from /127.0.0.1:56966 to /127.0.0.1:56967" [_thread_blocked, id=12856, stack(0x0000005aec400000,0x0000005aec500000)]
  0x0000021384d2b800 JavaThread "Daemon client event forwarder" [_thread_blocked, id=3296, stack(0x0000005aec600000,0x0000005aec700000)]
  0x0000021384ad1000 JavaThread "Cache worker for file hash cache (C:\Program Files\Java\jdk-17.0.2\bin\caches\7.0.2\fileHashes)" [_thread_blocked, id=12100, stack(0x0000005aec300000,0x0000005aec400000)]
  0x0000021384ad2000 JavaThread "File lock request listener" [_thread_in_native, id=11648, stack(0x0000005aec800000,0x0000005aec900000)]
  0x0000021384ad3800 JavaThread "Cache worker for journal cache (C:\Program Files\Java\jdk-17.0.2\bin\caches\journal-1)" [_thread_blocked, id=7732, stack(0x0000005aec900000,0x0000005aeca00000)]
  0x0000021384ad2800 JavaThread "Cache worker for file hash cache (C:\Users\King\Downloads\chaquopy-matplotlib-master\.gradle\7.0.2\fileHashes)" [_thread_blocked, id=2892, stack(0x0000005aecb00000,0x0000005aecc00000)]
  0x0000021386e36000 JavaThread "File watcher server" daemon [_thread_blocked, id=13084, stack(0x0000005aecc00000,0x0000005aecd00000)]
  0x0000021386e31000 JavaThread "File watcher consumer" daemon [_thread_blocked, id=11496, stack(0x0000005aecd00000,0x0000005aece00000)]
  0x0000021386e32000 JavaThread "Cache worker for checksums cache (C:\Users\King\Downloads\chaquopy-matplotlib-master\.gradle\checksums)" [_thread_blocked, id=13052, stack(0x0000005aece00000,0x0000005aecf00000)]
  0x0000021386e34800 JavaThread "Cache worker for cache directory md-supplier (C:\Program Files\Java\jdk-17.0.2\bin\caches\7.0.2\md-supplier)" [_thread_blocked, id=9932, stack(0x0000005aecf00000,0x0000005aed000000)]
  0x0000021386e33800 JavaThread "Cache worker for cache directory md-rule (C:\Program Files\Java\jdk-17.0.2\bin\caches\7.0.2\md-rule)" [_thread_blocked, id=2792, stack(0x0000005aed000000,0x0000005aed100000)]
  0x0000021386e30800 JavaThread "Cache worker for execution history cache (C:\Program Files\Java\jdk-17.0.2\bin\caches\7.0.2\executionHistory)" [_thread_blocked, id=12596, stack(0x0000005aed100000,0x0000005aed200000)]
  0x0000021386e35000 JavaThread "jar transforms" [_thread_blocked, id=10440, stack(0x0000005aed200000,0x0000005aed300000)]
  0x0000021386e37000 JavaThread "jar transforms Thread 2" [_thread_blocked, id=11976, stack(0x0000005aed300000,0x0000005aed400000)]
  0x0000021386e37800 JavaThread "Cache worker for file content cache (C:\Program Files\Java\jdk-17.0.2\bin\caches\7.0.2\fileContent)" [_thread_blocked, id=12996, stack(0x0000005aed400000,0x0000005aed500000)]
  0x0000021386e33000 JavaThread "jar transforms Thread 3" [_thread_blocked, id=12360, stack(0x0000005aed500000,0x0000005aed600000)]
  0x0000021386e3e000 JavaThread "jar transforms Thread 4" [_thread_blocked, id=12800, stack(0x0000005aed600000,0x0000005aed700000)]
  0x0000021386e3f000 JavaThread "Cache worker for dependencies-accessors (C:\Users\King\Downloads\chaquopy-matplotlib-master\.gradle\7.0.2\dependencies-accessors)" [_thread_blocked, id=10660, stack(0x0000005aed700000,0x0000005aed800000)]
  0x0000021386e39800 JavaThread "Cache worker for Build Output Cleanup Cache (C:\Users\King\Downloads\chaquopy-matplotlib-master\.gradle\buildOutputCleanup)" [_thread_blocked, id=1640, stack(0x0000005aed800000,0x0000005aed900000)]
  0x0000021386e3d800 JavaThread "Build operations" [_thread_blocked, id=13184, stack(0x0000005aed900000,0x0000005aeda00000)]
  0x0000021386e3a000 JavaThread "Build operations Thread 2" [_thread_blocked, id=2552, stack(0x0000005aeda00000,0x0000005aedb00000)]
  0x0000021386e3c800 JavaThread "Build operations Thread 3" [_thread_blocked, id=11016, stack(0x0000005aedb00000,0x0000005aedc00000)]
  0x0000021386e3b000 JavaThread "Build operations Thread 4" [_thread_blocked, id=2140, stack(0x0000005aedc00000,0x0000005aedd00000)]
  0x0000021389c10800 JavaThread "Memory manager" [_thread_blocked, id=10232, stack(0x0000005aedd00000,0x0000005aede00000)]
  0x0000021389c10000 JavaThread "Exec process" [_thread_blocked, id=8480, stack(0x0000005aede00000,0x0000005aedf00000)]
  0x0000021389c11800 JavaThread "Exec process Thread 2" [_thread_blocked, id=12444, stack(0x0000005aedf00000,0x0000005aee000000)]
  0x0000021389c0e000 JavaThread "Exec process Thread 3" [_thread_blocked, id=1972, stack(0x0000005aee000000,0x0000005aee100000)]
  0x0000021389c12000 JavaThread "build event listener" [_thread_blocked, id=6596, stack(0x0000005aee100000,0x0000005aee200000)]
  0x0000021389c0f000 JavaThread "Execution worker for ':'" [_thread_blocked, id=8728, stack(0x0000005aee200000,0x0000005aee300000)]
  0x0000021389c0c800 JavaThread "Execution worker for ':' Thread 2" [_thread_blocked, id=5604, stack(0x0000005aee300000,0x0000005aee400000)]
  0x0000021389c19000 JavaThread "Execution worker for ':' Thread 3" [_thread_blocked, id=2808, stack(0x0000005aee400000,0x0000005aee500000)]
  0x0000021389c18000 JavaThread "Cache worker for execution history cache (C:\Users\King\Downloads\chaquopy-matplotlib-master\.gradle\7.0.2\executionHistory)" [_thread_blocked, id=12868, stack(0x0000005aee500000,0x0000005aee600000)]
  0x000002138471e800 JavaThread "C2 CompilerThread1" daemon [_thread_blocked, id=12536, stack(0x0000005aea600000,0x0000005aea700000)]

Other Threads:
=>0x00000213fe6d4800 VMThread "VM Thread" [stack: 0x0000005aeaf00000,0x0000005aeb000000] [id=4748]
  0x00000213ff1e3800 WatcherThread [stack: 0x0000005aeb900000,0x0000005aeba00000] [id=12652]
  0x00000213e6b59800 GCTaskThread "GC Thread#0" [stack: 0x0000005aeaa00000,0x0000005aeab00000] [id=9140]
  0x00000213ff88e800 GCTaskThread "GC Thread#1" [stack: 0x0000005aebb00000,0x0000005aebc00000] [id=7020]
  0x00000213ffb13800 GCTaskThread "GC Thread#2" [stack: 0x0000005aebc00000,0x0000005aebd00000] [id=7232]
  0x0000021384af8000 GCTaskThread "GC Thread#3" [stack: 0x0000005aec700000,0x0000005aec800000] [id=2424]
  0x00000213e6b8c800 ConcurrentGCThread "G1 Main Marker" [stack: 0x0000005aeab00000,0x0000005aeac00000] [id=12316]
  0x00000213e6b8e000 ConcurrentGCThread "G1 Conc#0" [stack: 0x0000005aeac00000,0x0000005aead00000] [id=1480]
  0x00000213e6c1e000 ConcurrentGCThread "G1 Refine#0" [stack: 0x0000005aead00000,0x0000005aeae00000] [id=8044]
  0x00000213ff792000 ConcurrentGCThread "G1 Refine#1" [stack: 0x0000005aea800000,0x0000005aea900000] [id=9792]
  0x00000213fe520800 ConcurrentGCThread "G1 Young RemSet Sampling" [stack: 0x0000005aeae00000,0x0000005aeaf00000] [id=4752]

Threads with active compile tasks:
C2 CompilerThread0   137459 15503       4       com.android.tools.r8.internal.U6::a (6044 bytes)
C2 CompilerThread1   137459 15874 %     4       com.android.tools.r8.ir.regalloc.a::a @ 1542 (1824 bytes)

VM state:at safepoint (normal execution)

VM Mutex/Monitor currently owned by a thread:  ([mutex/lock_event])
[0x00000213e6b3d180] Threads_lock - owner thread: 0x00000213fe6d4800
[0x00000213e6b3c250] Heap_lock - owner thread: 0x0000021386e3a000

Heap address: 0x0000000080000000, size: 2048 MB, Compressed Oops mode: 32-bit
Narrow klass base: 0x0000000000000000, Narrow klass shift: 3
Compressed class space size: 1073741824 Address: 0x0000000100000000

Heap:
 garbage-first heap   total 395264K, used 169533K [0x0000000080000000, 0x0000000100000000)
  region size 1024K, 7 young (7168K), 7 survivors (7168K)
 Metaspace       used 102290K, capacity 105490K, committed 105756K, reserved 1140736K
  class space    used 13182K, capacity 14408K, committed 14464K, reserved 1048576K
Heap Regions: E=young(eden), S=young(survivor), O=old, HS=humongous(starts), HC=humongous(continues), CS=collection set, F=free, A=archive, TAMS=top-at-mark-start (previous, next)
|   0|0x0000000080000000, 0x0000000080100000, 0x0000000080100000|100%|HS|  |TAMS 0x0000000080100000, 0x0000000080000000| Complete 
|   1|0x0000000080100000, 0x0000000080200000, 0x0000000080200000|100%|HC|  |TAMS 0x0000000080200000, 0x0000000080100000| Complete 
|   2|0x0000000080200000, 0x0000000080300000, 0x0000000080300000|100%|HC|  |TAMS 0x0000000080300000, 0x0000000080200000| Complete 
|   3|0x0000000080300000, 0x0000000080400000, 0x0000000080400000|100%| O|  |TAMS 0x0000000080400000, 0x0000000080300000| Untracked 
|   4|0x0000000080400000, 0x0000000080500000, 0x0000000080500000|100%| O|  |TAMS 0x0000000080500000, 0x0000000080400000| Untracked 
|   5|0x0000000080500000, 0x0000000080600000, 0x0000000080600000|100%| O|  |TAMS 0x0000000080600000, 0x0000000080500000| Untracked 
|   6|0x0000000080600000, 0x0000000080700000, 0x0000000080700000|100%| O|  |TAMS 0x0000000080700000, 0x0000000080600000| Untracked 
|   7|0x0000000080700000, 0x0000000080800000, 0x0000000080800000|100%| O|  |TAMS 0x0000000080800000, 0x0000000080700000| Untracked 
|   8|0x0000000080800000, 0x0000000080900000, 0x0000000080900000|100%| O|  |TAMS 0x0000000080900000, 0x0000000080800000| Untracked 
|   9|0x0000000080900000, 0x0000000080a00000, 0x0000000080a00000|100%| O|  |TAMS 0x0000000080a00000, 0x0000000080900000| Untracked 
|  10|0x0000000080a00000, 0x0000000080b00000, 0x0000000080b00000|100%| O|  |TAMS 0x0000000080b00000, 0x0000000080a00000| Untracked 
|  11|0x0000000080b00000, 0x0000000080c00000, 0x0000000080c00000|100%| O|  |TAMS 0x0000000080c00000, 0x0000000080b00000| Untracked 
|  12|0x0000000080c00000, 0x0000000080d00000, 0x0000000080d00000|100%| O|  |TAMS 0x0000000080d00000, 0x0000000080c00000| Untracked 
|  13|0x0000000080d00000, 0x0000000080e00000, 0x0000000080e00000|100%| O|  |TAMS 0x0000000080e00000, 0x0000000080d00000| Untracked 
|  14|0x0000000080e00000, 0x0000000080f00000, 0x0000000080f00000|100%| O|  |TAMS 0x0000000080f00000, 0x0000000080e00000| Untracked 
|  15|0x0000000080f00000, 0x0000000081000000, 0x0000000081000000|100%| O|  |TAMS 0x0000000081000000, 0x0000000080f00000| Untracked 
|  16|0x0000000081000000, 0x0000000081100000, 0x0000000081100000|100%|HS|  |TAMS 0x0000000081100000, 0x0000000081000000| Complete 
|  17|0x0000000081100000, 0x0000000081200000, 0x0000000081200000|100%| O|  |TAMS 0x0000000081200000, 0x0000000081100000| Untracked 
|  18|0x0000000081200000, 0x0000000081300000, 0x0000000081300000|100%| O|  |TAMS 0x0000000081300000, 0x0000000081200000| Untracked 
|  19|0x0000000081300000, 0x0000000081400000, 0x0000000081400000|100%| O|  |TAMS 0x0000000081400000, 0x0000000081300000| Untracked 
|  20|0x0000000081400000, 0x0000000081500000, 0x0000000081500000|100%| O|  |TAMS 0x0000000081500000, 0x0000000081400000| Untracked 
|  21|0x0000000081500000, 0x0000000081600000, 0x0000000081600000|100%| O|  |TAMS 0x0000000081600000, 0x0000000081500000| Untracked 
|  22|0x0000000081600000, 0x0000000081700000, 0x0000000081700000|100%| O|  |TAMS 0x0000000081700000, 0x0000000081600000| Untracked 
|  23|0x0000000081700000, 0x0000000081800000, 0x0000000081800000|100%|HS|  |TAMS 0x0000000081800000, 0x0000000081700000| Complete 
|  24|0x0000000081800000, 0x0000000081900000, 0x0000000081900000|100%|HS|  |TAMS 0x0000000081900000, 0x0000000081800000| Complete 
|  25|0x0000000081900000, 0x0000000081a00000, 0x0000000081a00000|100%|HS|  |TAMS 0x0000000081a00000, 0x0000000081900000| Complete 
|  26|0x0000000081a00000, 0x0000000081b00000, 0x0000000081b00000|100%|HC|  |TAMS 0x0000000081b00000, 0x0000000081a00000| Complete 
|  27|0x0000000081b00000, 0x0000000081c00000, 0x0000000081c00000|100%|HC|  |TAMS 0x0000000081c00000, 0x0000000081b00000| Complete 
|  28|0x0000000081c00000, 0x0000000081d00000, 0x0000000081d00000|100%|HS|  |TAMS 0x0000000081d00000, 0x0000000081c00000| Complete 
|  29|0x0000000081d00000, 0x0000000081e00000, 0x0000000081e00000|100%|HC|  |TAMS 0x0000000081e00000, 0x0000000081d00000| Complete 
|  30|0x0000000081e00000, 0x0000000081f00000, 0x0000000081f00000|100%| O|  |TAMS 0x0000000081f00000, 0x0000000081e00000| Untracked 
|  31|0x0000000081f00000, 0x0000000082000000, 0x0000000082000000|100%| O|  |TAMS 0x0000000082000000, 0x0000000081f00000| Untracked 
|  32|0x0000000082000000, 0x0000000082100000, 0x0000000082100000|100%| O|  |TAMS 0x0000000082100000, 0x0000000082000000| Untracked 
|  33|0x0000000082100000, 0x0000000082200000, 0x0000000082200000|100%| O|  |TAMS 0x0000000082200000, 0x0000000082100000| Untracked 
|  34|0x0000000082200000, 0x0000000082300000, 0x0000000082300000|100%| O|  |TAMS 0x0000000082300000, 0x0000000082200000| Untracked 
|  35|0x0000000082300000, 0x0000000082400000, 0x0000000082400000|100%| O|  |TAMS 0x0000000082400000, 0x0000000082300000| Untracked 
|  36|0x0000000082400000, 0x0000000082500000, 0x0000000082500000|100%| O|  |TAMS 0x0000000082500000, 0x0000000082400000| Untracked 
|  37|0x0000000082500000, 0x0000000082600000, 0x0000000082600000|100%| O|  |TAMS 0x0000000082600000, 0x0000000082500000| Untracked 
|  38|0x0000000082600000, 0x0000000082700000, 0x0000000082700000|100%| O|  |TAMS 0x0000000082700000, 0x0000000082600000| Untracked 
|  39|0x0000000082700000, 0x0000000082800000, 0x0000000082800000|100%| O|  |TAMS 0x0000000082800000, 0x0000000082700000| Untracked 
|  40|0x0000000082800000, 0x0000000082900000, 0x0000000082900000|100%| O|  |TAMS 0x0000000082900000, 0x0000000082800000| Untracked 
|  41|0x0000000082900000, 0x0000000082a00000, 0x0000000082a00000|100%| O|  |TAMS 0x0000000082a00000, 0x0000000082900000| Untracked 
|  42|0x0000000082a00000, 0x0000000082b00000, 0x0000000082b00000|100%| O|  |TAMS 0x0000000082b00000, 0x0000000082a00000| Untracked 
|  43|0x0000000082b00000, 0x0000000082c00000, 0x0000000082c00000|100%| O|  |TAMS 0x0000000082c00000, 0x0000000082b00000| Untracked 
|  44|0x0000000082c00000, 0x0000000082d00000, 0x0000000082d00000|100%| O|  |TAMS 0x0000000082d00000, 0x0000000082c00000| Untracked 
|  45|0x0000000082d00000, 0x0000000082e00000, 0x0000000082e00000|100%| O|  |TAMS 0x0000000082e00000, 0x0000000082d00000| Untracked 
|  46|0x0000000082e00000, 0x0000000082f00000, 0x0000000082f00000|100%| O|  |TAMS 0x0000000082f00000, 0x0000000082e00000| Untracked 
|  47|0x0000000082f00000, 0x0000000083000000, 0x0000000083000000|100%| O|  |TAMS 0x0000000083000000, 0x0000000082f00000| Untracked 
|  48|0x0000000083000000, 0x0000000083100000, 0x0000000083100000|100%| O|  |TAMS 0x0000000083100000, 0x0000000083000000| Untracked 
|  49|0x0000000083100000, 0x0000000083200000, 0x0000000083200000|100%| O|  |TAMS 0x0000000083200000, 0x0000000083100000| Untracked 
|  50|0x0000000083200000, 0x0000000083300000, 0x0000000083300000|100%| O|  |TAMS 0x0000000083300000, 0x0000000083200000| Untracked 
|  51|0x0000000083300000, 0x0000000083400000, 0x0000000083400000|100%| O|  |TAMS 0x0000000083400000, 0x0000000083300000| Untracked 
|  52|0x0000000083400000, 0x0000000083500000, 0x0000000083500000|100%| O|  |TAMS 0x0000000083500000, 0x0000000083400000| Untracked 
|  53|0x0000000083500000, 0x0000000083600000, 0x0000000083600000|100%| O|  |TAMS 0x0000000083600000, 0x0000000083500000| Untracked 
|  54|0x0000000083600000, 0x0000000083700000, 0x0000000083700000|100%| O|  |TAMS 0x0000000083700000, 0x0000000083600000| Untracked 
|  55|0x0000000083700000, 0x0000000083800000, 0x0000000083800000|100%| O|  |TAMS 0x0000000083800000, 0x0000000083700000| Untracked 
|  56|0x0000000083800000, 0x0000000083900000, 0x0000000083900000|100%| O|  |TAMS 0x0000000083900000, 0x0000000083800000| Untracked 
|  57|0x0000000083900000, 0x0000000083a00000, 0x0000000083a00000|100%| O|  |TAMS 0x0000000083a00000, 0x0000000083900000| Untracked 
|  58|0x0000000083a00000, 0x0000000083b00000, 0x0000000083b00000|100%| O|  |TAMS 0x0000000083b00000, 0x0000000083a00000| Untracked 
|  59|0x0000000083b00000, 0x0000000083c00000, 0x0000000083c00000|100%| O|  |TAMS 0x0000000083c00000, 0x0000000083b00000| Untracked 
|  60|0x0000000083c00000, 0x0000000083d00000, 0x0000000083d00000|100%| O|  |TAMS 0x0000000083d00000, 0x0000000083c00000| Untracked 
|  61|0x0000000083d00000, 0x0000000083e00000, 0x0000000083e00000|100%| O|  |TAMS 0x0000000083e00000, 0x0000000083d00000| Untracked 
|  62|0x0000000083e00000, 0x0000000083f00000, 0x0000000083f00000|100%| O|  |TAMS 0x0000000083f00000, 0x0000000083e00000| Untracked 
|  63|0x0000000083f00000, 0x0000000084000000, 0x0000000084000000|100%| O|  |TAMS 0x0000000084000000, 0x0000000083f00000| Untracked 
|  64|0x0000000084000000, 0x0000000084100000, 0x0000000084100000|100%| O|  |TAMS 0x0000000084100000, 0x0000000084000000| Untracked 
|  65|0x0000000084100000, 0x0000000084200000, 0x0000000084200000|100%| O|  |TAMS 0x0000000084200000, 0x0000000084100000| Untracked 
|  66|0x0000000084200000, 0x0000000084300000, 0x0000000084300000|100%| O|  |TAMS 0x0000000084300000, 0x0000000084200000| Untracked 
|  67|0x0000000084300000, 0x0000000084400000, 0x0000000084400000|100%| O|  |TAMS 0x0000000084400000, 0x0000000084300000| Untracked 
|  68|0x0000000084400000, 0x0000000084500000, 0x0000000084500000|100%| O|  |TAMS 0x0000000084500000, 0x0000000084400000| Untracked 
|  69|0x0000000084500000, 0x0000000084600000, 0x0000000084600000|100%| O|  |TAMS 0x0000000084600000, 0x0000000084500000| Untracked 
|  70|0x0000000084600000, 0x0000000084700000, 0x0000000084700000|100%| O|  |TAMS 0x0000000084700000, 0x0000000084600000| Untracked 
|  71|0x0000000084700000, 0x0000000084800000, 0x0000000084800000|100%| O|  |TAMS 0x0000000084800000, 0x0000000084700000| Untracked 
|  72|0x0000000084800000, 0x0000000084900000, 0x0000000084900000|100%| O|  |TAMS 0x0000000084900000, 0x0000000084800000| Untracked 
|  73|0x0000000084900000, 0x0000000084a00000, 0x0000000084a00000|100%| O|  |TAMS 0x0000000084a00000, 0x0000000084900000| Untracked 
|  74|0x0000000084a00000, 0x0000000084b00000, 0x0000000084b00000|100%| O|  |TAMS 0x0000000084b00000, 0x0000000084a00000| Untracked 
|  75|0x0000000084b00000, 0x0000000084c00000, 0x0000000084c00000|100%| O|  |TAMS 0x0000000084c00000, 0x0000000084b00000| Untracked 
|  76|0x0000000084c00000, 0x0000000084d00000, 0x0000000084d00000|100%| O|  |TAMS 0x0000000084d00000, 0x0000000084c00000| Untracked 
|  77|0x0000000084d00000, 0x0000000084e00000, 0x0000000084e00000|100%| O|  |TAMS 0x0000000084e00000, 0x0000000084d00000| Untracked 
|  78|0x0000000084e00000, 0x0000000084f00000, 0x0000000084f00000|100%| O|  |TAMS 0x0000000084f00000, 0x0000000084e00000| Untracked 
|  79|0x0000000084f00000, 0x0000000085000000, 0x0000000085000000|100%| O|  |TAMS 0x0000000085000000, 0x0000000084f00000| Untracked 
|  80|0x0000000085000000, 0x0000000085100000, 0x0000000085100000|100%| O|  |TAMS 0x0000000085100000, 0x0000000085000000| Untracked 
|  81|0x0000000085100000, 0x0000000085200000, 0x0000000085200000|100%| O|  |TAMS 0x0000000085200000, 0x0000000085100000| Untracked 
|  82|0x0000000085200000, 0x0000000085300000, 0x0000000085300000|100%| O|  |TAMS 0x00000000852d8a00, 0x0000000085200000| Untracked 
|  83|0x0000000085300000, 0x0000000085400000, 0x0000000085400000|100%| O|  |TAMS 0x0000000085300000, 0x0000000085300000| Untracked 
|  84|0x0000000085400000, 0x0000000085500000, 0x0000000085500000|100%| O|  |TAMS 0x0000000085500000, 0x0000000085400000| Untracked 
|  85|0x0000000085500000, 0x0000000085600000, 0x0000000085600000|100%|HS|  |TAMS 0x0000000085600000, 0x0000000085500000| Complete 
|  86|0x0000000085600000, 0x0000000085700000, 0x0000000085700000|100%| O|  |TAMS 0x0000000085700000, 0x0000000085600000| Untracked 
|  87|0x0000000085700000, 0x0000000085800000, 0x0000000085800000|100%| O|  |TAMS 0x0000000085800000, 0x0000000085700000| Untracked 
|  88|0x0000000085800000, 0x0000000085900000, 0x0000000085900000|100%| O|  |TAMS 0x0000000085900000, 0x0000000085800000| Untracked 
|  89|0x0000000085900000, 0x0000000085a00000, 0x0000000085a00000|100%| O|  |TAMS 0x0000000085a00000, 0x0000000085900000| Untracked 
|  90|0x0000000085a00000, 0x0000000085b00000, 0x0000000085b00000|100%| O|  |TAMS 0x0000000085b00000, 0x0000000085a00000| Untracked 
|  91|0x0000000085b00000, 0x0000000085c00000, 0x0000000085c00000|100%| O|  |TAMS 0x0000000085c00000, 0x0000000085b00000| Untracked 
|  92|0x0000000085c00000, 0x0000000085d00000, 0x0000000085d00000|100%| O|  |TAMS 0x0000000085d00000, 0x0000000085c00000| Untracked 
|  93|0x0000000085d00000, 0x0000000085e00000, 0x0000000085e00000|100%| O|  |TAMS 0x0000000085e00000, 0x0000000085d00000| Untracked 
|  94|0x0000000085e00000, 0x0000000085f00000, 0x0000000085f00000|100%| O|  |TAMS 0x0000000085f00000, 0x0000000085e00000| Untracked 
|  95|0x0000000085f00000, 0x0000000086000000, 0x0000000086000000|100%| O|  |TAMS 0x0000000086000000, 0x0000000085f00000| Untracked 
|  96|0x0000000086000000, 0x0000000086100000, 0x0000000086100000|100%| O|  |TAMS 0x0000000086100000, 0x0000000086000000| Untracked 
|  97|0x0000000086100000, 0x0000000086200000, 0x0000000086200000|100%| O|  |TAMS 0x0000000086200000, 0x0000000086100000| Untracked 
|  98|0x0000000086200000, 0x0000000086300000, 0x0000000086300000|100%| O|  |TAMS 0x0000000086300000, 0x0000000086200000| Untracked 
|  99|0x0000000086300000, 0x0000000086400000, 0x0000000086400000|100%| O|  |TAMS 0x0000000086400000, 0x0000000086300000| Untracked 
| 100|0x0000000086400000, 0x0000000086500000, 0x0000000086500000|100%| O|  |TAMS 0x0000000086500000, 0x0000000086400000| Untracked 
| 101|0x0000000086500000, 0x0000000086600000, 0x0000000086600000|100%| O|  |TAMS 0x0000000086600000, 0x0000000086500000| Untracked 
| 102|0x0000000086600000, 0x0000000086700000, 0x0000000086700000|100%| O|  |TAMS 0x0000000086700000, 0x0000000086600000| Untracked 
| 103|0x0000000086700000, 0x0000000086800000, 0x0000000086800000|100%| O|  |TAMS 0x0000000086800000, 0x0000000086700000| Untracked 
| 104|0x0000000086800000, 0x0000000086900000, 0x0000000086900000|100%| O|  |TAMS 0x0000000086900000, 0x0000000086800000| Untracked 
| 105|0x0000000086900000, 0x0000000086a00000, 0x0000000086a00000|100%| O|  |TAMS 0x0000000086a00000, 0x0000000086900000| Untracked 
| 106|0x0000000086a00000, 0x0000000086b00000, 0x0000000086b00000|100%| O|  |TAMS 0x0000000086b00000, 0x0000000086a00000| Untracked 
| 107|0x0000000086b00000, 0x0000000086c00000, 0x0000000086c00000|100%| O|  |TAMS 0x0000000086c00000, 0x0000000086b00000| Untracked 
| 108|0x0000000086c00000, 0x0000000086d00000, 0x0000000086d00000|100%| O|  |TAMS 0x0000000086d00000, 0x0000000086c00000| Untracked 
| 109|0x0000000086d00000, 0x0000000086e00000, 0x0000000086e00000|100%| O|  |TAMS 0x0000000086e00000, 0x0000000086d00000| Untracked 
| 110|0x0000000086e00000, 0x0000000086f00000, 0x0000000086f00000|100%| O|  |TAMS 0x0000000086f00000, 0x0000000086e00000| Untracked 
| 111|0x0000000086f00000, 0x0000000087000000, 0x0000000087000000|100%| O|  |TAMS 0x0000000087000000, 0x0000000086f00000| Untracked 
| 112|0x0000000087000000, 0x0000000087100000, 0x0000000087100000|100%| O|  |TAMS 0x0000000087100000, 0x0000000087000000| Untracked 
| 113|0x0000000087100000, 0x0000000087200000, 0x0000000087200000|100%| O|  |TAMS 0x0000000087200000, 0x0000000087100000| Untracked 
| 114|0x0000000087200000, 0x0000000087300000, 0x0000000087300000|100%| O|  |TAMS 0x0000000087300000, 0x0000000087200000| Untracked 
| 115|0x0000000087300000, 0x0000000087400000, 0x0000000087400000|100%| O|  |TAMS 0x0000000087400000, 0x0000000087300000| Untracked 
| 116|0x0000000087400000, 0x0000000087500000, 0x0000000087500000|100%| O|  |TAMS 0x0000000087500000, 0x0000000087400000| Untracked 
| 117|0x0000000087500000, 0x0000000087600000, 0x0000000087600000|100%| O|  |TAMS 0x0000000087600000, 0x0000000087500000| Untracked 
| 118|0x0000000087600000, 0x0000000087700000, 0x0000000087700000|100%| O|  |TAMS 0x0000000087700000, 0x0000000087600000| Untracked 
| 119|0x0000000087700000, 0x0000000087800000, 0x0000000087800000|100%| O|  |TAMS 0x0000000087800000, 0x0000000087700000| Untracked 
| 120|0x0000000087800000, 0x0000000087900000, 0x0000000087900000|100%| O|  |TAMS 0x0000000087900000, 0x0000000087800000| Untracked 
| 121|0x0000000087900000, 0x0000000087a00000, 0x0000000087a00000|100%| O|  |TAMS 0x0000000087a00000, 0x0000000087900000| Untracked 
| 122|0x0000000087a00000, 0x0000000087b00000, 0x0000000087b00000|100%| O|  |TAMS 0x0000000087b00000, 0x0000000087a00000| Untracked 
| 123|0x0000000087b00000, 0x0000000087c00000, 0x0000000087c00000|100%| O|  |TAMS 0x0000000087c00000, 0x0000000087b00000| Untracked 
| 124|0x0000000087c00000, 0x0000000087d00000, 0x0000000087d00000|100%| O|  |TAMS 0x0000000087d00000, 0x0000000087c00000| Untracked 
| 125|0x0000000087d00000, 0x0000000087e00000, 0x0000000087e00000|100%| O|  |TAMS 0x0000000087e00000, 0x0000000087d00000| Untracked 
| 126|0x0000000087e00000, 0x0000000087f00000, 0x0000000087f00000|100%| O|  |TAMS 0x0000000087f00000, 0x0000000087e00000| Untracked 
| 127|0x0000000087f00000, 0x0000000088000000, 0x0000000088000000|100%| O|  |TAMS 0x0000000088000000, 0x0000000087f00000| Untracked 
| 128|0x0000000088000000, 0x0000000088100000, 0x0000000088100000|100%| O|  |TAMS 0x0000000088100000, 0x0000000088000000| Untracked 
| 129|0x0000000088100000, 0x0000000088200000, 0x0000000088200000|100%| O|  |TAMS 0x0000000088200000, 0x0000000088100000| Untracked 
| 130|0x0000000088200000, 0x0000000088300000, 0x0000000088300000|100%| O|  |TAMS 0x0000000088300000, 0x0000000088200000| Untracked 
| 131|0x0000000088300000, 0x0000000088400000, 0x0000000088400000|100%| O|  |TAMS 0x0000000088400000, 0x0000000088300000| Untracked 
| 132|0x0000000088400000, 0x0000000088500000, 0x0000000088500000|100%| O|  |TAMS 0x0000000088500000, 0x0000000088400000| Untracked 
| 133|0x0000000088500000, 0x0000000088600000, 0x0000000088600000|100%| O|  |TAMS 0x0000000088600000, 0x0000000088500000| Untracked 
| 134|0x0000000088600000, 0x0000000088700000, 0x0000000088700000|100%| O|  |TAMS 0x0000000088700000, 0x0000000088600000| Untracked 
| 135|0x0000000088700000, 0x0000000088800000, 0x0000000088800000|100%| O|  |TAMS 0x0000000088800000, 0x0000000088700000| Untracked 
| 136|0x0000000088800000, 0x0000000088900000, 0x0000000088900000|100%| O|  |TAMS 0x0000000088900000, 0x0000000088800000| Untracked 
| 137|0x0000000088900000, 0x0000000088a00000, 0x0000000088a00000|100%| O|  |TAMS 0x0000000088a00000, 0x0000000088900000| Untracked 
| 138|0x0000000088a00000, 0x0000000088b00000, 0x0000000088b00000|100%| O|  |TAMS 0x0000000088b00000, 0x0000000088a00000| Untracked 
| 139|0x0000000088b00000, 0x0000000088bd9e00, 0x0000000088c00000| 85%| O|  |TAMS 0x0000000088b00000, 0x0000000088b00000| Untracked 
| 140|0x0000000088c00000, 0x0000000088d00000, 0x0000000088d00000|100%| O|  |TAMS 0x0000000088d00000, 0x0000000088c00000| Untracked 
| 141|0x0000000088d00000, 0x0000000088e00000, 0x0000000088e00000|100%| O|  |TAMS 0x0000000088e00000, 0x0000000088d00000| Untracked 
| 142|0x0000000088e00000, 0x0000000088f00000, 0x0000000088f00000|100%| O|  |TAMS 0x0000000088f00000, 0x0000000088e00000| Untracked 
| 143|0x0000000088f00000, 0x0000000089000000, 0x0000000089000000|100%| O|  |TAMS 0x0000000089000000, 0x0000000088f00000| Untracked 
| 144|0x0000000089000000, 0x0000000089100000, 0x0000000089100000|100%| O|  |TAMS 0x0000000089100000, 0x0000000089000000| Untracked 
| 145|0x0000000089100000, 0x0000000089200000, 0x0000000089200000|100%| O|  |TAMS 0x0000000089200000, 0x0000000089100000| Untracked 
| 146|0x0000000089200000, 0x0000000089300000, 0x0000000089300000|100%| O|  |TAMS 0x0000000089300000, 0x0000000089200000| Untracked 
| 147|0x0000000089300000, 0x0000000089400000, 0x0000000089400000|100%| O|  |TAMS 0x0000000089400000, 0x0000000089300000| Untracked 
| 148|0x0000000089400000, 0x0000000089500000, 0x0000000089500000|100%| O|  |TAMS 0x0000000089500000, 0x0000000089400000| Untracked 
| 149|0x0000000089500000, 0x0000000089600000, 0x0000000089600000|100%| O|  |TAMS 0x0000000089600000, 0x0000000089500000| Untracked 
| 150|0x0000000089600000, 0x0000000089700000, 0x0000000089700000|100%| O|  |TAMS 0x0000000089700000, 0x0000000089600000| Untracked 
| 151|0x0000000089700000, 0x0000000089800000, 0x0000000089800000|100%| O|  |TAMS 0x0000000089800000, 0x0000000089700000| Untracked 
| 152|0x0000000089800000, 0x0000000089900000, 0x0000000089900000|100%| O|  |TAMS 0x0000000089900000, 0x0000000089800000| Untracked 
| 153|0x0000000089900000, 0x0000000089900000, 0x0000000089a00000|  0%| F|  |TAMS 0x0000000089900000, 0x0000000089900000| Untracked 
| 154|0x0000000089a00000, 0x0000000089b00000, 0x0000000089b00000|100%| O|  |TAMS 0x0000000089b00000, 0x0000000089a00000| Untracked 
| 155|0x0000000089b00000, 0x0000000089c00000, 0x0000000089c00000|100%| O|  |TAMS 0x0000000089c00000, 0x0000000089b00000| Untracked 
| 156|0x0000000089c00000, 0x0000000089d00000, 0x0000000089d00000|100%| O|  |TAMS 0x0000000089d00000, 0x0000000089c00000| Untracked 
| 157|0x0000000089d00000, 0x0000000089e00000, 0x0000000089e00000|100%| O|  |TAMS 0x0000000089e00000, 0x0000000089d00000| Untracked 
| 158|0x0000000089e00000, 0x0000000089f00000, 0x0000000089f00000|100%| O|  |TAMS 0x0000000089f00000, 0x0000000089e00000| Untracked 
| 159|0x0000000089f00000, 0x000000008a000000, 0x000000008a000000|100%| O|  |TAMS 0x000000008a000000, 0x0000000089f00000| Untracked 
| 160|0x000000008a000000, 0x000000008a000000, 0x000000008a100000|  0%| F|  |TAMS 0x000000008a000000, 0x000000008a000000| Untracked 
| 161|0x000000008a100000, 0x000000008a100000, 0x000000008a200000|  0%| F|  |TAMS 0x000000008a100000, 0x000000008a100000| Untracked 
| 162|0x000000008a200000, 0x000000008a200000, 0x000000008a300000|  0%| F|  |TAMS 0x000000008a200000, 0x000000008a200000| Untracked 
| 163|0x000000008a300000, 0x000000008a300000, 0x000000008a400000|  0%| F|  |TAMS 0x000000008a300000, 0x000000008a300000| Untracked 
| 164|0x000000008a400000, 0x000000008a400000, 0x000000008a500000|  0%| F|  |TAMS 0x000000008a400000, 0x000000008a400000| Untracked 
| 165|0x000000008a500000, 0x000000008a500000, 0x000000008a600000|  0%| F|  |TAMS 0x000000008a500000, 0x000000008a500000| Untracked 
| 166|0x000000008a600000, 0x000000008a600000, 0x000000008a700000|  0%| F|  |TAMS 0x000000008a600000, 0x000000008a600000| Untracked 
| 167|0x000000008a700000, 0x000000008a700000, 0x000000008a800000|  0%| F|  |TAMS 0x000000008a700000, 0x000000008a700000| Untracked 
| 168|0x000000008a800000, 0x000000008a800000, 0x000000008a900000|  0%| F|  |TAMS 0x000000008a800000, 0x000000008a800000| Untracked 
| 169|0x000000008a900000, 0x000000008a900000, 0x000000008aa00000|  0%| F|  |TAMS 0x000000008a900000, 0x000000008a900000| Untracked 
| 170|0x000000008aa00000, 0x000000008aa00000, 0x000000008ab00000|  0%| F|  |TAMS 0x000000008aa00000, 0x000000008aa00000| Untracked 
| 171|0x000000008ab00000, 0x000000008ab00000, 0x000000008ac00000|  0%| F|  |TAMS 0x000000008ab00000, 0x000000008ab00000| Untracked 
| 172|0x000000008ac00000, 0x000000008ac00000, 0x000000008ad00000|  0%| F|  |TAMS 0x000000008ac00000, 0x000000008ac00000| Untracked 
| 173|0x000000008ad00000, 0x000000008ad00000, 0x000000008ae00000|  0%| F|  |TAMS 0x000000008ad00000, 0x000000008ad00000| Untracked 
| 174|0x000000008ae00000, 0x000000008ae00000, 0x000000008af00000|  0%| F|  |TAMS 0x000000008ae00000, 0x000000008ae00000| Untracked 
| 175|0x000000008af00000, 0x000000008af00000, 0x000000008b000000|  0%| F|  |TAMS 0x000000008af00000, 0x000000008af00000| Untracked 
| 176|0x000000008b000000, 0x000000008b000000, 0x000000008b100000|  0%| F|  |TAMS 0x000000008b000000, 0x000000008b000000| Untracked 
| 177|0x000000008b100000, 0x000000008b100000, 0x000000008b200000|  0%| F|  |TAMS 0x000000008b100000, 0x000000008b100000| Untracked 
| 178|0x000000008b200000, 0x000000008b200000, 0x000000008b300000|  0%| F|  |TAMS 0x000000008b200000, 0x000000008b200000| Untracked 
| 179|0x000000008b300000, 0x000000008b300000, 0x000000008b400000|  0%| F|  |TAMS 0x000000008b300000, 0x000000008b300000| Untracked 
| 180|0x000000008b400000, 0x000000008b400000, 0x000000008b500000|  0%| F|  |TAMS 0x000000008b400000, 0x000000008b400000| Untracked 
| 181|0x000000008b500000, 0x000000008b500000, 0x000000008b600000|  0%| F|  |TAMS 0x000000008b500000, 0x000000008b500000| Untracked 
| 182|0x000000008b600000, 0x000000008b600000, 0x000000008b700000|  0%| F|  |TAMS 0x000000008b600000, 0x000000008b600000| Untracked 
| 183|0x000000008b700000, 0x000000008b700000, 0x000000008b800000|  0%| F|  |TAMS 0x000000008b700000, 0x000000008b700000| Untracked 
| 184|0x000000008b800000, 0x000000008b800000, 0x000000008b900000|  0%| F|  |TAMS 0x000000008b800000, 0x000000008b800000| Untracked 
| 185|0x000000008b900000, 0x000000008b900000, 0x000000008ba00000|  0%| F|  |TAMS 0x000000008b900000, 0x000000008b900000| Untracked 
| 186|0x000000008ba00000, 0x000000008ba00000, 0x000000008bb00000|  0%| F|  |TAMS 0x000000008ba00000, 0x000000008ba00000| Untracked 
| 187|0x000000008bb00000, 0x000000008bb00000, 0x000000008bc00000|  0%| F|  |TAMS 0x000000008bb00000, 0x000000008bb00000| Untracked 
| 188|0x000000008bc00000, 0x000000008bc00000, 0x000000008bd00000|  0%| F|  |TAMS 0x000000008bc00000, 0x000000008bc00000| Untracked 
| 189|0x000000008bd00000, 0x000000008bd00000, 0x000000008be00000|  0%| F|  |TAMS 0x000000008bd00000, 0x000000008bd00000| Untracked 
| 190|0x000000008be00000, 0x000000008be00000, 0x000000008bf00000|  0%| F|  |TAMS 0x000000008be00000, 0x000000008be00000| Untracked 
| 191|0x000000008bf00000, 0x000000008bf00000, 0x000000008c000000|  0%| F|  |TAMS 0x000000008bf00000, 0x000000008bf00000| Untracked 
| 192|0x000000008c000000, 0x000000008c000000, 0x000000008c100000|  0%| F|  |TAMS 0x000000008c000000, 0x000000008c000000| Untracked 
| 193|0x000000008c100000, 0x000000008c100000, 0x000000008c200000|  0%| F|  |TAMS 0x000000008c100000, 0x000000008c100000| Untracked 
| 194|0x000000008c200000, 0x000000008c200000, 0x000000008c300000|  0%| F|  |TAMS 0x000000008c200000, 0x000000008c200000| Untracked 
| 195|0x000000008c300000, 0x000000008c300000, 0x000000008c400000|  0%| F|  |TAMS 0x000000008c300000, 0x000000008c300000| Untracked 
| 196|0x000000008c400000, 0x000000008c400000, 0x000000008c500000|  0%| F|  |TAMS 0x000000008c400000, 0x000000008c400000| Untracked 
| 197|0x000000008c500000, 0x000000008c500000, 0x000000008c600000|  0%| F|  |TAMS 0x000000008c500000, 0x000000008c500000| Untracked 
| 198|0x000000008c600000, 0x000000008c600000, 0x000000008c700000|  0%| F|  |TAMS 0x000000008c600000, 0x000000008c600000| Untracked 
| 199|0x000000008c700000, 0x000000008c700000, 0x000000008c800000|  0%| F|  |TAMS 0x000000008c700000, 0x000000008c700000| Untracked 
| 200|0x000000008c800000, 0x000000008c800000, 0x000000008c900000|  0%| F|  |TAMS 0x000000008c800000, 0x000000008c800000| Untracked 
| 201|0x000000008c900000, 0x000000008c900000, 0x000000008ca00000|  0%| F|  |TAMS 0x000000008c900000, 0x000000008c900000| Untracked 
| 202|0x000000008ca00000, 0x000000008ca00000, 0x000000008cb00000|  0%| F|  |TAMS 0x000000008ca00000, 0x000000008ca00000| Untracked 
| 203|0x000000008cb00000, 0x000000008cbb5800, 0x000000008cc00000| 70%| S|CS|TAMS 0x000000008cb00000, 0x000000008cb00000| Complete 
| 204|0x000000008cc00000, 0x000000008cd00000, 0x000000008cd00000|100%| S|CS|TAMS 0x000000008cc00000, 0x000000008cc00000| Complete 
| 205|0x000000008cd00000, 0x000000008ce00000, 0x000000008ce00000|100%| S|CS|TAMS 0x000000008cd00000, 0x000000008cd00000| Complete 
| 206|0x000000008ce00000, 0x000000008cf00000, 0x000000008cf00000|100%| S|CS|TAMS 0x000000008ce00000, 0x000000008ce00000| Complete 
| 207|0x000000008cf00000, 0x000000008d000000, 0x000000008d000000|100%| S|CS|TAMS 0x000000008cf00000, 0x000000008cf00000| Complete 
| 208|0x000000008d000000, 0x000000008d100000, 0x000000008d100000|100%| S|CS|TAMS 0x000000008d000000, 0x000000008d000000| Complete 
| 209|0x000000008d100000, 0x000000008d200000, 0x000000008d200000|100%| S|CS|TAMS 0x000000008d100000, 0x000000008d100000| Complete 
| 210|0x000000008d200000, 0x000000008d200000, 0x000000008d300000|  0%| F|  |TAMS 0x000000008d200000, 0x000000008d200000| Untracked 
| 211|0x000000008d300000, 0x000000008d300000, 0x000000008d400000|  0%| F|  |TAMS 0x000000008d300000, 0x000000008d300000| Untracked 
| 212|0x000000008d400000, 0x000000008d400000, 0x000000008d500000|  0%| F|  |TAMS 0x000000008d400000, 0x000000008d400000| Untracked 
| 213|0x000000008d500000, 0x000000008d500000, 0x000000008d600000|  0%| F|  |TAMS 0x000000008d500000, 0x000000008d500000| Untracked 
| 214|0x000000008d600000, 0x000000008d600000, 0x000000008d700000|  0%| F|  |TAMS 0x000000008d600000, 0x000000008d600000| Untracked 
| 215|0x000000008d700000, 0x000000008d700000, 0x000000008d800000|  0%| F|  |TAMS 0x000000008d700000, 0x000000008d700000| Untracked 
| 216|0x000000008d800000, 0x000000008d800000, 0x000000008d900000|  0%| F|  |TAMS 0x000000008d800000, 0x000000008d800000| Untracked 
| 217|0x000000008d900000, 0x000000008d900000, 0x000000008da00000|  0%| F|  |TAMS 0x000000008d900000, 0x000000008d900000| Untracked 
| 218|0x000000008da00000, 0x000000008da00000, 0x000000008db00000|  0%| F|  |TAMS 0x000000008da00000, 0x000000008da00000| Untracked 
| 219|0x000000008db00000, 0x000000008db00000, 0x000000008dc00000|  0%| F|  |TAMS 0x000000008db00000, 0x000000008db00000| Untracked 
| 220|0x000000008dc00000, 0x000000008dc00000, 0x000000008dd00000|  0%| F|  |TAMS 0x000000008dc00000, 0x000000008dc00000| Untracked 
| 221|0x000000008dd00000, 0x000000008dd00000, 0x000000008de00000|  0%| F|  |TAMS 0x000000008dd00000, 0x000000008dd00000| Untracked 
| 222|0x000000008de00000, 0x000000008de00000, 0x000000008df00000|  0%| F|  |TAMS 0x000000008de00000, 0x000000008de00000| Untracked 
| 223|0x000000008df00000, 0x000000008df00000, 0x000000008e000000|  0%| F|  |TAMS 0x000000008df00000, 0x000000008df00000| Untracked 
| 224|0x000000008e000000, 0x000000008e000000, 0x000000008e100000|  0%| F|  |TAMS 0x000000008e000000, 0x000000008e000000| Untracked 
| 225|0x000000008e100000, 0x000000008e100000, 0x000000008e200000|  0%| F|  |TAMS 0x000000008e100000, 0x000000008e100000| Untracked 
| 226|0x000000008e200000, 0x000000008e200000, 0x000000008e300000|  0%| F|  |TAMS 0x000000008e200000, 0x000000008e200000| Untracked 
| 227|0x000000008e300000, 0x000000008e300000, 0x000000008e400000|  0%| F|  |TAMS 0x000000008e300000, 0x000000008e300000| Untracked 
| 228|0x000000008e400000, 0x000000008e400000, 0x000000008e500000|  0%| F|  |TAMS 0x000000008e400000, 0x000000008e400000| Untracked 
| 229|0x000000008e500000, 0x000000008e500000, 0x000000008e600000|  0%| F|  |TAMS 0x000000008e500000, 0x000000008e500000| Untracked 
| 230|0x000000008e600000, 0x000000008e600000, 0x000000008e700000|  0%| F|  |TAMS 0x000000008e600000, 0x000000008e600000| Untracked 
| 231|0x000000008e700000, 0x000000008e700000, 0x000000008e800000|  0%| F|  |TAMS 0x000000008e700000, 0x000000008e700000| Untracked 
| 232|0x000000008e800000, 0x000000008e800000, 0x000000008e900000|  0%| F|  |TAMS 0x000000008e800000, 0x000000008e800000| Untracked 
| 233|0x000000008e900000, 0x000000008e900000, 0x000000008ea00000|  0%| F|  |TAMS 0x000000008e900000, 0x000000008e900000| Untracked 
| 234|0x000000008ea00000, 0x000000008ea00000, 0x000000008eb00000|  0%| F|  |TAMS 0x000000008ea00000, 0x000000008ea00000| Untracked 
| 235|0x000000008eb00000, 0x000000008eb00000, 0x000000008ec00000|  0%| F|  |TAMS 0x000000008eb00000, 0x000000008eb00000| Untracked 
| 236|0x000000008ec00000, 0x000000008ec00000, 0x000000008ed00000|  0%| F|  |TAMS 0x000000008ec00000, 0x000000008ec00000| Untracked 
| 237|0x000000008ed00000, 0x000000008ed00000, 0x000000008ee00000|  0%| F|  |TAMS 0x000000008ed00000, 0x000000008ed00000| Untracked 
| 238|0x000000008ee00000, 0x000000008ee00000, 0x000000008ef00000|  0%| F|  |TAMS 0x000000008ee00000, 0x000000008ee00000| Untracked 
| 239|0x000000008ef00000, 0x000000008ef00000, 0x000000008f000000|  0%| F|  |TAMS 0x000000008ef00000, 0x000000008ef00000| Untracked 
| 240|0x000000008f000000, 0x000000008f000000, 0x000000008f100000|  0%| F|  |TAMS 0x000000008f000000, 0x000000008f000000| Untracked 
| 241|0x000000008f100000, 0x000000008f100000, 0x000000008f200000|  0%| F|  |TAMS 0x000000008f100000, 0x000000008f100000| Untracked 
| 242|0x000000008f200000, 0x000000008f200000, 0x000000008f300000|  0%| F|  |TAMS 0x000000008f200000, 0x000000008f200000| Untracked 
| 243|0x000000008f300000, 0x000000008f300000, 0x000000008f400000|  0%| F|  |TAMS 0x000000008f300000, 0x000000008f300000| Untracked 
| 244|0x000000008f400000, 0x000000008f400000, 0x000000008f500000|  0%| F|  |TAMS 0x000000008f400000, 0x000000008f400000| Untracked 
| 245|0x000000008f500000, 0x000000008f500000, 0x000000008f600000|  0%| F|  |TAMS 0x000000008f500000, 0x000000008f500000| Untracked 
| 246|0x000000008f600000, 0x000000008f600000, 0x000000008f700000|  0%| F|  |TAMS 0x000000008f600000, 0x000000008f600000| Untracked 
| 247|0x000000008f700000, 0x000000008f700000, 0x000000008f800000|  0%| F|  |TAMS 0x000000008f700000, 0x000000008f700000| Untracked 
| 248|0x000000008f800000, 0x000000008f800000, 0x000000008f900000|  0%| F|  |TAMS 0x000000008f800000, 0x000000008f800000| Untracked 
| 249|0x000000008f900000, 0x000000008f900000, 0x000000008fa00000|  0%| F|  |TAMS 0x000000008f900000, 0x000000008f900000| Untracked 
| 250|0x000000008fa00000, 0x000000008fa00000, 0x000000008fb00000|  0%| F|  |TAMS 0x000000008fa00000, 0x000000008fa00000| Untracked 
| 251|0x000000008fb00000, 0x000000008fb00000, 0x000000008fc00000|  0%| F|  |TAMS 0x000000008fb00000, 0x000000008fb00000| Untracked 
| 252|0x000000008fc00000, 0x000000008fc00000, 0x000000008fd00000|  0%| F|  |TAMS 0x000000008fc00000, 0x000000008fc00000| Untracked 
| 253|0x000000008fd00000, 0x000000008fd00000, 0x000000008fe00000|  0%| F|  |TAMS 0x000000008fd00000, 0x000000008fd00000| Untracked 
| 254|0x000000008fe00000, 0x000000008fe00000, 0x000000008ff00000|  0%| F|  |TAMS 0x000000008fe00000, 0x000000008fe00000| Untracked 
| 255|0x000000008ff00000, 0x000000008ff00000, 0x0000000090000000|  0%| F|  |TAMS 0x000000008ff00000, 0x000000008ff00000| Untracked 
| 256|0x0000000090000000, 0x0000000090000000, 0x0000000090100000|  0%| F|  |TAMS 0x0000000090000000, 0x0000000090000000| Untracked 
| 257|0x0000000090100000, 0x0000000090100000, 0x0000000090200000|  0%| F|  |TAMS 0x0000000090100000, 0x0000000090100000| Untracked 
| 258|0x0000000090200000, 0x0000000090200000, 0x0000000090300000|  0%| F|  |TAMS 0x0000000090200000, 0x0000000090200000| Untracked 
| 259|0x0000000090300000, 0x0000000090300000, 0x0000000090400000|  0%| F|  |TAMS 0x0000000090300000, 0x0000000090300000| Untracked 
| 260|0x0000000090400000, 0x0000000090400000, 0x0000000090500000|  0%| F|  |TAMS 0x0000000090400000, 0x0000000090400000| Untracked 
| 261|0x0000000090500000, 0x0000000090500000, 0x0000000090600000|  0%| F|  |TAMS 0x0000000090500000, 0x0000000090500000| Untracked 
| 262|0x0000000090600000, 0x0000000090600000, 0x0000000090700000|  0%| F|  |TAMS 0x0000000090600000, 0x0000000090600000| Untracked 
| 263|0x0000000090700000, 0x0000000090700000, 0x0000000090800000|  0%| F|  |TAMS 0x0000000090700000, 0x0000000090700000| Untracked 
| 264|0x0000000090800000, 0x0000000090800000, 0x0000000090900000|  0%| F|  |TAMS 0x0000000090800000, 0x0000000090800000| Untracked 
| 265|0x0000000090900000, 0x0000000090900000, 0x0000000090a00000|  0%| F|  |TAMS 0x0000000090900000, 0x0000000090900000| Untracked 
| 266|0x0000000090a00000, 0x0000000090a00000, 0x0000000090b00000|  0%| F|  |TAMS 0x0000000090a00000, 0x0000000090a00000| Untracked 
| 267|0x0000000090b00000, 0x0000000090b00000, 0x0000000090c00000|  0%| F|  |TAMS 0x0000000090b00000, 0x0000000090b00000| Untracked 
| 268|0x0000000090c00000, 0x0000000090c00000, 0x0000000090d00000|  0%| F|  |TAMS 0x0000000090c00000, 0x0000000090c00000| Untracked 
| 269|0x0000000090d00000, 0x0000000090d00000, 0x0000000090e00000|  0%| F|  |TAMS 0x0000000090d00000, 0x0000000090d00000| Untracked 
| 270|0x0000000090e00000, 0x0000000090e00000, 0x0000000090f00000|  0%| F|  |TAMS 0x0000000090e00000, 0x0000000090e00000| Untracked 
| 271|0x0000000090f00000, 0x0000000090f00000, 0x0000000091000000|  0%| F|  |TAMS 0x0000000090f00000, 0x0000000090f00000| Untracked 
| 272|0x0000000091000000, 0x0000000091000000, 0x0000000091100000|  0%| F|  |TAMS 0x0000000091000000, 0x0000000091000000| Untracked 
| 273|0x0000000091100000, 0x0000000091100000, 0x0000000091200000|  0%| F|  |TAMS 0x0000000091100000, 0x0000000091100000| Untracked 
| 274|0x0000000091200000, 0x0000000091200000, 0x0000000091300000|  0%| F|  |TAMS 0x0000000091200000, 0x0000000091200000| Untracked 
| 275|0x0000000091300000, 0x0000000091300000, 0x0000000091400000|  0%| F|  |TAMS 0x0000000091300000, 0x0000000091300000| Untracked 
| 276|0x0000000091400000, 0x0000000091400000, 0x0000000091500000|  0%| F|  |TAMS 0x0000000091400000, 0x0000000091400000| Untracked 
| 277|0x0000000091500000, 0x0000000091500000, 0x0000000091600000|  0%| F|  |TAMS 0x0000000091500000, 0x0000000091500000| Untracked 
| 278|0x0000000091600000, 0x0000000091600000, 0x0000000091700000|  0%| F|  |TAMS 0x0000000091600000, 0x0000000091600000| Untracked 
| 279|0x0000000091700000, 0x0000000091700000, 0x0000000091800000|  0%| F|  |TAMS 0x0000000091700000, 0x0000000091700000| Untracked 
| 280|0x0000000091800000, 0x0000000091800000, 0x0000000091900000|  0%| F|  |TAMS 0x0000000091800000, 0x0000000091800000| Untracked 
| 281|0x0000000091900000, 0x0000000091900000, 0x0000000091a00000|  0%| F|  |TAMS 0x0000000091900000, 0x0000000091900000| Untracked 
| 282|0x0000000091a00000, 0x0000000091a00000, 0x0000000091b00000|  0%| F|  |TAMS 0x0000000091a00000, 0x0000000091a00000| Untracked 
| 283|0x0000000091b00000, 0x0000000091b00000, 0x0000000091c00000|  0%| F|  |TAMS 0x0000000091b00000, 0x0000000091b00000| Untracked 
| 284|0x0000000091c00000, 0x0000000091c00000, 0x0000000091d00000|  0%| F|  |TAMS 0x0000000091c00000, 0x0000000091c00000| Untracked 
| 285|0x0000000091d00000, 0x0000000091d00000, 0x0000000091e00000|  0%| F|  |TAMS 0x0000000091d00000, 0x0000000091d00000| Untracked 
| 286|0x0000000091e00000, 0x0000000091e00000, 0x0000000091f00000|  0%| F|  |TAMS 0x0000000091e00000, 0x0000000091e00000| Untracked 
| 287|0x0000000091f00000, 0x0000000091f00000, 0x0000000092000000|  0%| F|  |TAMS 0x0000000091f00000, 0x0000000091f00000| Untracked 
| 288|0x0000000092000000, 0x0000000092000000, 0x0000000092100000|  0%| F|  |TAMS 0x0000000092000000, 0x0000000092000000| Untracked 
| 289|0x0000000092100000, 0x0000000092100000, 0x0000000092200000|  0%| F|  |TAMS 0x0000000092100000, 0x0000000092100000| Untracked 
| 290|0x0000000092200000, 0x0000000092200000, 0x0000000092300000|  0%| F|  |TAMS 0x0000000092200000, 0x0000000092200000| Untracked 
| 291|0x0000000092300000, 0x0000000092300000, 0x0000000092400000|  0%| F|  |TAMS 0x0000000092300000, 0x0000000092300000| Untracked 
| 292|0x0000000092400000, 0x0000000092400000, 0x0000000092500000|  0%| F|  |TAMS 0x0000000092400000, 0x0000000092400000| Untracked 
| 293|0x0000000092500000, 0x0000000092500000, 0x0000000092600000|  0%| F|  |TAMS 0x0000000092500000, 0x0000000092500000| Untracked 
| 294|0x0000000092600000, 0x0000000092600000, 0x0000000092700000|  0%| F|  |TAMS 0x0000000092600000, 0x0000000092600000| Untracked 
| 295|0x0000000092700000, 0x0000000092700000, 0x0000000092800000|  0%| F|  |TAMS 0x0000000092700000, 0x0000000092700000| Untracked 
| 296|0x0000000092800000, 0x0000000092800000, 0x0000000092900000|  0%| F|  |TAMS 0x0000000092800000, 0x0000000092800000| Untracked 
| 297|0x0000000092900000, 0x0000000092900000, 0x0000000092a00000|  0%| F|  |TAMS 0x0000000092900000, 0x0000000092900000| Untracked 
| 298|0x0000000092a00000, 0x0000000092a00000, 0x0000000092b00000|  0%| F|  |TAMS 0x0000000092a00000, 0x0000000092a00000| Untracked 
| 299|0x0000000092b00000, 0x0000000092b00000, 0x0000000092c00000|  0%| F|  |TAMS 0x0000000092b00000, 0x0000000092b00000| Untracked 
| 300|0x0000000092c00000, 0x0000000092c00000, 0x0000000092d00000|  0%| F|  |TAMS 0x0000000092c00000, 0x0000000092c00000| Untracked 
| 301|0x0000000092d00000, 0x0000000092d00000, 0x0000000092e00000|  0%| F|  |TAMS 0x0000000092d00000, 0x0000000092d00000| Untracked 
| 302|0x0000000092e00000, 0x0000000092e00000, 0x0000000092f00000|  0%| F|  |TAMS 0x0000000092e00000, 0x0000000092e00000| Untracked 
| 303|0x0000000092f00000, 0x0000000092f00000, 0x0000000093000000|  0%| F|  |TAMS 0x0000000092f00000, 0x0000000092f00000| Untracked 
| 304|0x0000000093000000, 0x0000000093000000, 0x0000000093100000|  0%| F|  |TAMS 0x0000000093000000, 0x0000000093000000| Untracked 
| 305|0x0000000093100000, 0x0000000093100000, 0x0000000093200000|  0%| F|  |TAMS 0x0000000093100000, 0x0000000093100000| Untracked 
| 306|0x0000000093200000, 0x0000000093200000, 0x0000000093300000|  0%| F|  |TAMS 0x0000000093200000, 0x0000000093200000| Untracked 
| 307|0x0000000093300000, 0x0000000093300000, 0x0000000093400000|  0%| F|  |TAMS 0x0000000093300000, 0x0000000093300000| Untracked 
| 308|0x0000000093400000, 0x0000000093400000, 0x0000000093500000|  0%| F|  |TAMS 0x0000000093400000, 0x0000000093400000| Untracked 
| 309|0x0000000093500000, 0x0000000093500000, 0x0000000093600000|  0%| F|  |TAMS 0x0000000093500000, 0x0000000093500000| Untracked 
| 310|0x0000000093600000, 0x0000000093600000, 0x0000000093700000|  0%| F|  |TAMS 0x0000000093600000, 0x0000000093600000| Untracked 
| 311|0x0000000093700000, 0x0000000093700000, 0x0000000093800000|  0%| F|  |TAMS 0x0000000093700000, 0x0000000093700000| Untracked 
| 312|0x0000000093800000, 0x0000000093800000, 0x0000000093900000|  0%| F|  |TAMS 0x0000000093800000, 0x0000000093800000| Untracked 
| 313|0x0000000093900000, 0x0000000093900000, 0x0000000093a00000|  0%| F|  |TAMS 0x0000000093900000, 0x0000000093900000| Untracked 
| 314|0x0000000093a00000, 0x0000000093a00000, 0x0000000093b00000|  0%| F|  |TAMS 0x0000000093a00000, 0x0000000093a00000| Untracked 
| 315|0x0000000093b00000, 0x0000000093b00000, 0x0000000093c00000|  0%| F|  |TAMS 0x0000000093b00000, 0x0000000093b00000| Untracked 
| 316|0x0000000093c00000, 0x0000000093c00000, 0x0000000093d00000|  0%| F|  |TAMS 0x0000000093c00000, 0x0000000093c00000| Untracked 
| 317|0x0000000093d00000, 0x0000000093d00000, 0x0000000093e00000|  0%| F|  |TAMS 0x0000000093d00000, 0x0000000093d00000| Untracked 
| 318|0x0000000093e00000, 0x0000000093e00000, 0x0000000093f00000|  0%| F|  |TAMS 0x0000000093e00000, 0x0000000093e00000| Untracked 
| 319|0x0000000093f00000, 0x0000000093f00000, 0x0000000094000000|  0%| F|  |TAMS 0x0000000093f00000, 0x0000000093f00000| Untracked 
| 320|0x0000000094000000, 0x0000000094000000, 0x0000000094100000|  0%| F|  |TAMS 0x0000000094000000, 0x0000000094000000| Untracked 

Card table byte_map: [0x00000213fb890000,0x00000213fbc90000] _byte_map_base: 0x00000213fb490000

Marking Bits (Prev, Next): (CMBitMap*) 0x00000213e6b82990, (CMBitMap*) 0x00000213e6b82958
 Prev Bits: [0x0000021380000000, 0x0000021382000000)
 Next Bits: [0x00000213fc090000, 0x00000213fe090000)

Polling page: 0x00000213e83d0000

Metaspace:

Usage:
  Non-class:     88.95 MB capacity,    87.02 MB ( 98%) used,     1.60 MB (  2%) free+waste,   340.81 KB ( <1%) overhead. 
      Class:     14.07 MB capacity,    12.87 MB ( 91%) used,     1.05 MB (  7%) free+waste,   153.06 KB (  1%) overhead. 
       Both:    103.02 MB capacity,    99.89 MB ( 97%) used,     2.64 MB (  3%) free+waste,   493.88 KB ( <1%) overhead. 

Virtual space:
  Non-class space:       90.00 MB reserved,      89.15 MB (>99%) committed 
      Class space:        1.00 GB reserved,      14.12 MB (  1%) committed 
             Both:        1.09 GB reserved,     103.28 MB (  9%) committed 

Chunk freelists:
   Non-Class:  18.00 KB
       Class:  0 bytes
        Both:  18.00 KB

MaxMetaspaceSize: 17179869184.00 GB
CompressedClassSpaceSize: 1.00 GB
Initial GC threshold: 20.80 MB
Current GC threshold: 168.17 MB
CDS: off

CodeHeap 'non-profiled nmethods': size=120064Kb used=9955Kb max_used=10746Kb free=110108Kb
 bounds [0x00000213f3900000, 0x00000213f4380000, 0x00000213fae40000]
CodeHeap 'profiled nmethods': size=120000Kb used=34832Kb max_used=36933Kb free=85167Kb
 bounds [0x00000213ec3d0000, 0x00000213ee810000, 0x00000213f3900000]
CodeHeap 'non-nmethods': size=5696Kb used=2401Kb max_used=2467Kb free=3294Kb
 bounds [0x00000213ebe40000, 0x00000213ec0c0000, 0x00000213ec3d0000]
 total_blobs=15834 nmethods=14911 adapters=833
 compilation: enabled
              stopped_count=0, restarted_count=0
 full_count=0

Compilation events (20 events):
Event: 137.349 Thread 0x00000213fe708800 16130       2       com.android.tools.r8.dex.o::a (50 bytes)
Event: 137.349 Thread 0x00000213fe708800 nmethod 16130 0x00000213ec659710 code [0x00000213ec6598c0, 0x00000213ec6599e8]
Event: 137.349 Thread 0x00000213fe708800 16131       2       com.android.tools.r8.dex.m$$Lambda$1579/0x0000000100dff440::get$Lambda (9 bytes)
Event: 137.350 Thread 0x00000213fe708800 nmethod 16131 0x00000213ec3d5d90 code [0x00000213ec3d5f40, 0x00000213ec3d60b8]
Event: 137.350 Thread 0x00000213fe708800 16132       2       com.android.tools.r8.dex.m$$Lambda$1579/0x0000000100dff440::<init> (10 bytes)
Event: 137.350 Thread 0x00000213fe708800 nmethod 16132 0x00000213ec6c5d90 code [0x00000213ec6c5f40, 0x00000213ec6c6078]
Event: 137.351 Thread 0x00000213fe6fa000 nmethod 16110 0x00000213f3ab2c10 code [0x00000213f3ab2ee0, 0x00000213f3ab4b90]
Event: 137.351 Thread 0x00000213fe6fa000 15503       4       com.android.tools.r8.internal.U6::a (6044 bytes)
Event: 137.374 Thread 0x00000213fe708800 16133       1       org.gradle.cache.internal.btree.BTreePersistentIndexedCache$IndexBlock::getType (3 bytes)
Event: 137.374 Thread 0x00000213fe708800 nmethod 16133 0x00000213f3900410 code [0x00000213f39005c0, 0x00000213f3900678]
Event: 137.378 Thread 0x00000213fe708800 16134       2       org.gradle.internal.snapshot.AbstractIncompleteFileSystemNode::invalidate (65 bytes)
Event: 137.379 Thread 0x00000213fe708800 nmethod 16134 0x00000213ec3d7e10 code [0x00000213ec3d8040, 0x00000213ec3d86c8]
Event: 137.379 Thread 0x00000213fe708800 16135       2       org.gradle.internal.snapshot.AbstractIncompleteFileSystemNode$1::<init> (20 bytes)
Event: 137.379 Thread 0x00000213fe708800 nmethod 16135 0x00000213ec473590 code [0x00000213ec473740, 0x00000213ec473958]
Event: 137.385 Thread 0x00000213fe708800 16136       2       org.gradle.internal.file.DefaultFileHierarchySet$PrefixFileSet::contains (10 bytes)
Event: 137.385 Thread 0x00000213fe708800 nmethod 16136 0x00000213ec6cab10 code [0x00000213ec6cacc0, 0x00000213ec6cade8]
Event: 137.392 Thread 0x00000213fe708800 16137       2       java.util.regex.Pattern$Begin::match (62 bytes)
Event: 137.393 Thread 0x00000213fe708800 nmethod 16137 0x00000213ec3d4290 code [0x00000213ec3d4460, 0x00000213ec3d4648]
Event: 137.397 Thread 0x00000213fe708800 16138       2       java.lang.Integer::toString (55 bytes)
Event: 137.398 Thread 0x00000213fe708800 nmethod 16138 0x00000213ec428c90 code [0x00000213ec428e60, 0x00000213ec4290b8]

GC Heap History (20 events):
Event: 132.045 GC heap after
{Heap after GC invocations=68 (full 0):
 garbage-first heap   total 273408K, used 165761K [0x0000000080000000, 0x0000000100000000)
  region size 1024K, 5 young (5120K), 5 survivors (5120K)
 Metaspace       used 101973K, capacity 105157K, committed 105244K, reserved 1140736K
  class space    used 13178K, capacity 14400K, committed 14464K, reserved 1048576K
}
Event: 132.474 GC heap before
{Heap before GC invocations=68 (full 0):
 garbage-first heap   total 273408K, used 235393K [0x0000000080000000, 0x0000000100000000)
  region size 1024K, 74 young (75776K), 5 survivors (5120K)
 Metaspace       used 102001K, capacity 105158K, committed 105244K, reserved 1140736K
  class space    used 13178K, capacity 14400K, committed 14464K, reserved 1048576K
}
Event: 132.484 GC heap after
{Heap after GC invocations=69 (full 0):
 garbage-first heap   total 273408K, used 165965K [0x0000000080000000, 0x0000000100000000)
  region size 1024K, 5 young (5120K), 5 survivors (5120K)
 Metaspace       used 102001K, capacity 105158K, committed 105244K, reserved 1140736K
  class space    used 13178K, capacity 14400K, committed 14464K, reserved 1048576K
}
Event: 133.005 GC heap before
{Heap before GC invocations=69 (full 0):
 garbage-first heap   total 273408K, used 236621K [0x0000000080000000, 0x0000000100000000)
  region size 1024K, 74 young (75776K), 5 survivors (5120K)
 Metaspace       used 102008K, capacity 105158K, committed 105244K, reserved 1140736K
  class space    used 13178K, capacity 14400K, committed 14464K, reserved 1048576K
}
Event: 133.019 GC heap after
{Heap after GC invocations=70 (full 0):
 garbage-first heap   total 273408K, used 165977K [0x0000000080000000, 0x0000000100000000)
  region size 1024K, 5 young (5120K), 5 survivors (5120K)
 Metaspace       used 102008K, capacity 105158K, committed 105244K, reserved 1140736K
  class space    used 13178K, capacity 14400K, committed 14464K, reserved 1048576K
}
Event: 133.528 GC heap before
{Heap before GC invocations=70 (full 0):
 garbage-first heap   total 273408K, used 237657K [0x0000000080000000, 0x0000000100000000)
  region size 1024K, 75 young (76800K), 5 survivors (5120K)
 Metaspace       used 102025K, capacity 105225K, committed 105500K, reserved 1140736K
  class space    used 13178K, capacity 14400K, committed 14464K, reserved 1048576K
}
Event: 133.541 GC heap after
{Heap after GC invocations=71 (full 0):
 garbage-first heap   total 273408K, used 166016K [0x0000000080000000, 0x0000000100000000)
  region size 1024K, 5 young (5120K), 5 survivors (5120K)
 Metaspace       used 102025K, capacity 105225K, committed 105500K, reserved 1140736K
  class space    used 13178K, capacity 14400K, committed 14464K, reserved 1048576K
}
Event: 133.945 GC heap before
{Heap before GC invocations=71 (full 0):
 garbage-first heap   total 273408K, used 237696K [0x0000000080000000, 0x0000000100000000)
  region size 1024K, 75 young (76800K), 5 survivors (5120K)
 Metaspace       used 102031K, capacity 105225K, committed 105500K, reserved 1140736K
  class space    used 13178K, capacity 14400K, committed 14464K, reserved 1048576K
}
Event: 133.956 GC heap after
{Heap after GC invocations=72 (full 0):
 garbage-first heap   total 273408K, used 166963K [0x0000000080000000, 0x0000000100000000)
  region size 1024K, 6 young (6144K), 6 survivors (6144K)
 Metaspace       used 102031K, capacity 105225K, committed 105500K, reserved 1140736K
  class space    used 13178K, capacity 14400K, committed 14464K, reserved 1048576K
}
Event: 134.314 GC heap before
{Heap before GC invocations=72 (full 0):
 garbage-first heap   total 273408K, used 237619K [0x0000000080000000, 0x0000000100000000)
  region size 1024K, 76 young (77824K), 6 survivors (6144K)
 Metaspace       used 102042K, capacity 105233K, committed 105500K, reserved 1140736K
  class space    used 13179K, capacity 14403K, committed 14464K, reserved 1048576K
}
Event: 134.326 GC heap after
{Heap after GC invocations=73 (full 0):
 garbage-first heap   total 273408K, used 167441K [0x0000000080000000, 0x0000000100000000)
  region size 1024K, 6 young (6144K), 6 survivors (6144K)
 Metaspace       used 102042K, capacity 105233K, committed 105500K, reserved 1140736K
  class space    used 13179K, capacity 14403K, committed 14464K, reserved 1048576K
}
Event: 134.791 GC heap before
{Heap before GC invocations=73 (full 0):
 garbage-first heap   total 273408K, used 239121K [0x0000000080000000, 0x0000000100000000)
  region size 1024K, 76 young (77824K), 6 survivors (6144K)
 Metaspace       used 102066K, capacity 105237K, committed 105500K, reserved 1140736K
  class space    used 13179K, capacity 14403K, committed 14464K, reserved 1048576K
}
Event: 134.804 GC heap after
{Heap after GC invocations=74 (full 0):
 garbage-first heap   total 328704K, used 166998K [0x0000000080000000, 0x0000000100000000)
  region size 1024K, 5 young (5120K), 5 survivors (5120K)
 Metaspace       used 102066K, capacity 105237K, committed 105500K, reserved 1140736K
  class space    used 13179K, capacity 14403K, committed 14464K, reserved 1048576K
}
Event: 135.546 GC heap before
{Heap before GC invocations=74 (full 0):
 garbage-first heap   total 328704K, used 267350K [0x0000000080000000, 0x0000000100000000)
  region size 1024K, 103 young (105472K), 5 survivors (5120K)
 Metaspace       used 102072K, capacity 105238K, committed 105500K, reserved 1140736K
  class space    used 13179K, capacity 14403K, committed 14464K, reserved 1048576K
}
Event: 135.559 GC heap after
{Heap after GC invocations=75 (full 0):
 garbage-first heap   total 328704K, used 169741K [0x0000000080000000, 0x0000000100000000)
  region size 1024K, 8 young (8192K), 8 survivors (8192K)
 Metaspace       used 102072K, capacity 105238K, committed 105500K, reserved 1140736K
  class space    used 13179K, capacity 14403K, committed 14464K, reserved 1048576K
}
Event: 136.174 GC heap before
{Heap before GC invocations=75 (full 0):
 garbage-first heap   total 328704K, used 274189K [0x0000000080000000, 0x0000000100000000)
  region size 1024K, 110 young (112640K), 8 survivors (8192K)
 Metaspace       used 102141K, capacity 105314K, committed 105500K, reserved 1140736K
  class space    used 13179K, capacity 14403K, committed 14464K, reserved 1048576K
}
Event: 136.188 GC heap after
{Heap after GC invocations=76 (full 0):
 garbage-first heap   total 328704K, used 169903K [0x0000000080000000, 0x0000000100000000)
  region size 1024K, 8 young (8192K), 8 survivors (8192K)
 Metaspace       used 102141K, capacity 105314K, committed 105500K, reserved 1140736K
  class space    used 13179K, capacity 14403K, committed 14464K, reserved 1048576K
}
Event: 136.879 GC heap before
{Heap before GC invocations=76 (full 0):
 garbage-first heap   total 328704K, used 279471K [0x0000000080000000, 0x0000000100000000)
  region size 1024K, 114 young (116736K), 8 survivors (8192K)
 Metaspace       used 102280K, capacity 105488K, committed 105756K, reserved 1140736K
  class space    used 13182K, capacity 14408K, committed 14464K, reserved 1048576K
}
Event: 136.893 GC heap after
{Heap after GC invocations=77 (full 0):
 garbage-first heap   total 328704K, used 170226K [0x0000000080000000, 0x0000000100000000)
  region size 1024K, 8 young (8192K), 8 survivors (8192K)
 Metaspace       used 102280K, capacity 105488K, committed 105756K, reserved 1140736K
  class space    used 13182K, capacity 14408K, committed 14464K, reserved 1048576K
}
Event: 137.419 GC heap before
{Heap before GC invocations=77 (full 0):
 garbage-first heap   total 328704K, used 278770K [0x0000000080000000, 0x0000000100000000)
  region size 1024K, 115 young (117760K), 8 survivors (8192K)
 Metaspace       used 102290K, capacity 105490K, committed 105756K, reserved 1140736K
  class space    used 13182K, capacity 14408K, committed 14464K, reserved 1048576K
}

Deoptimization events (20 events):
Event: 137.128 Thread 0x0000021386e3a000 DEOPT PACKING pc=0x00000213edf079e5 sp=0x0000005aedaf9400
Event: 137.128 Thread 0x0000021386e3a000 DEOPT UNPACKING pc=0x00000213ebe8a95e sp=0x0000005aedaf8bf8 mode 0
Event: 137.196 Thread 0x0000021386e3c800 DEOPT PACKING pc=0x00000213edf4ffbb sp=0x0000005aedbf9620
Event: 137.196 Thread 0x0000021386e3c800 DEOPT UNPACKING pc=0x00000213ebe8a95e sp=0x0000005aedbf8d00 mode 0
Event: 137.207 Thread 0x0000021386e3c800 DEOPT PACKING pc=0x00000213ee36ed5f sp=0x0000005aedbf92c0
Event: 137.208 Thread 0x0000021386e3c800 DEOPT UNPACKING pc=0x00000213ebe8a95e sp=0x0000005aedbf8b68 mode 0
Event: 137.219 Thread 0x0000021386e3a000 DEOPT PACKING pc=0x00000213edf2af12 sp=0x0000005aedaf9030
Event: 137.219 Thread 0x0000021386e3a000 DEOPT UNPACKING pc=0x00000213ebe8a95e sp=0x0000005aedaf8800 mode 0
Event: 137.219 Thread 0x0000021386e3a000 DEOPT PACKING pc=0x00000213edea585c sp=0x0000005aedaf90f0
Event: 137.219 Thread 0x0000021386e3a000 DEOPT UNPACKING pc=0x00000213ebe8a95e sp=0x0000005aedaf8730 mode 0
Event: 137.263 Thread 0x0000021386e3c800 DEOPT PACKING pc=0x00000213ee36ed5f sp=0x0000005aedbf92c0
Event: 137.263 Thread 0x0000021386e3c800 DEOPT UNPACKING pc=0x00000213ebe8a95e sp=0x0000005aedbf8b68 mode 0
Event: 137.263 Thread 0x0000021386e3b000 DEOPT PACKING pc=0x00000213ee36ed5f sp=0x0000005aedcf9180
Event: 137.263 Thread 0x0000021386e3b000 DEOPT UNPACKING pc=0x00000213ebe8a95e sp=0x0000005aedcf8a28 mode 0
Event: 137.326 Thread 0x0000021386e3d800 DEOPT PACKING pc=0x00000213edf4fffd sp=0x0000005aed9f9ad0
Event: 137.326 Thread 0x0000021386e3d800 DEOPT UNPACKING pc=0x00000213ebe8a95e sp=0x0000005aed9f91b0 mode 0
Event: 137.336 Thread 0x0000021386e3d800 DEOPT PACKING pc=0x00000213edf2af12 sp=0x0000005aed9f9300
Event: 137.337 Thread 0x0000021386e3d800 DEOPT UNPACKING pc=0x00000213ebe8a95e sp=0x0000005aed9f8ad0 mode 0
Event: 137.382 Thread 0x0000021386e3b000 DEOPT PACKING pc=0x00000213edd0855c sp=0x0000005aedcf9290
Event: 137.382 Thread 0x0000021386e3b000 DEOPT UNPACKING pc=0x00000213ebe8a95e sp=0x0000005aedcf87f0 mode 0

Classes redefined (0 events):
No events

Internal exceptions (20 events):
Event: 118.633 Thread 0x0000021386e3c800 Exception <a 'java/lang/NoSuchMethodError'{0x000000008c244430}: 'java.lang.Object java.lang.invoke.DirectMethodHandle$Holder.invokeInterface(java.lang.Object, java.lang.Object, int)'> (0x000000008c244430) thrown at [src/hotspot/share/interpreter/linkResolver.cpp, line 773]
Event: 120.726 Thread 0x0000021386e3c800 Exception <a 'java/lang/NoSuchMethodError'{0x000000008cf2f1e0}: 'int java.lang.invoke.DirectMethodHandle$Holder.invokeInterface(java.lang.Object, java.lang.Object, int)'> (0x000000008cf2f1e0) thrown at [src/hotspot/share/interpreter/linkResolver.cpp, line 773]
Event: 128.564 Thread 0x0000021386e3d800 Exception <a 'java/lang/NoSuchMethodError'{0x000000008fe2f070}: 'void java.lang.invoke.DirectMethodHandle$Holder.invokeSpecial(java.lang.Object, java.lang.Object, int, java.lang.Object, java.lang.Object, java.lang.Object, java.lang.Object)'> (0x000000008fe2f070) thrown at [src/hotspot/share/interpreter/linkResolver.cpp, line 773]
Event: 128.566 Thread 0x0000021386e3d800 Exception <a 'java/lang/NoSuchMethodError'{0x000000008fe3ac70}: 'java.lang.Object java.lang.invoke.Invokers$Holder.linkToTargetMethod(java.lang.Object, int, java.lang.Object, java.lang.Object, java.lang.Object, java.lang.Object)'> (0x000000008fe3ac70) thrown at [src/hotspot/share/interpreter/linkResolver.cpp, line 773]
Event: 128.567 Thread 0x0000021386e3d800 Exception <a 'java/lang/NoSuchMethodError'{0x000000008fe3f120}: 'void java.lang.invoke.DirectMethodHandle$Holder.invokeSpecial(java.lang.Object, java.lang.Object, java.lang.Object, java.lang.Object, java.lang.Object, java.lang.Object, java.lang.Object, java.lang.Object, java.lang.Object)'> (0x000000008fe3f120) thrown at [src/hotspot/share/interpreter/linkResolver.cpp, line 773]
Event: 128.571 Thread 0x0000021386e3d800 Exception <a 'java/lang/NoSuchMethodError'{0x000000008fd40998}: 'void java.lang.invoke.DirectMethodHandle$Holder.invokeStatic(java.lang.Object, java.lang.Object, java.lang.Object, java.lang.Object, java.lang.Object, java.lang.Object, java.lang.Object, java.lang.Object)'> (0x000000008fd40998) thrown at [src/hotspot/share/interpreter/linkResolver.cpp, line 773]
Event: 128.992 Thread 0x0000021386e3d800 Exception <a 'java/lang/IncompatibleClassChangeError'{0x000000008d858068}: Found class java.lang.Object, but interface was expected> (0x000000008d858068) thrown at [src/hotspot/share/interpreter/linkResolver.cpp, line 839]
Event: 129.473 Thread 0x0000021386e3d800 Exception <a 'java/lang/NoSuchMethodError'{0x000000008de715b8}: 'void java.lang.invoke.DirectMethodHandle$Holder.invokeVirtual(java.lang.Object, java.lang.Object, int)'> (0x000000008de715b8) thrown at [src/hotspot/share/interpreter/linkResolver.cpp, line 773]
Event: 129.773 Thread 0x0000021386e3d800 Exception <a 'sun/nio/fs/WindowsException'{0x000000009021c3d0}> (0x000000009021c3d0) thrown at [src/hotspot/share/prims/jni.cpp, line 617]
Event: 130.710 Thread 0x0000021386e3d800 Exception <a 'sun/nio/fs/WindowsException'{0x000000008f916560}> (0x000000008f916560) thrown at [src/hotspot/share/prims/jni.cpp, line 617]
Event: 132.234 Thread 0x0000021386e3d800 Exception <a 'sun/nio/fs/WindowsException'{0x000000008f2c9f68}> (0x000000008f2c9f68) thrown at [src/hotspot/share/prims/jni.cpp, line 617]
Event: 132.316 Thread 0x0000021386e3d800 Exception <a 'sun/nio/fs/WindowsException'{0x000000008dfa48e0}> (0x000000008dfa48e0) thrown at [src/hotspot/share/prims/jni.cpp, line 617]
Event: 133.357 Thread 0x0000021386e3d800 Exception <a 'sun/nio/fs/WindowsException'{0x000000008d58af60}> (0x000000008d58af60) thrown at [src/hotspot/share/prims/jni.cpp, line 617]
Event: 133.479 Thread 0x0000021386e3d800 Exception <a 'sun/nio/fs/WindowsException'{0x000000008cb66d10}> (0x000000008cb66d10) thrown at [src/hotspot/share/prims/jni.cpp, line 617]
Event: 134.715 Thread 0x0000021386e3d800 Exception <a 'sun/nio/fs/WindowsException'{0x000000008d9d8f90}> (0x000000008d9d8f90) thrown at [src/hotspot/share/prims/jni.cpp, line 617]
Event: 134.830 Thread 0x0000021386e3d800 Exception <a 'sun/nio/fs/WindowsException'{0x0000000093ca3970}> (0x0000000093ca3970) thrown at [src/hotspot/share/prims/jni.cpp, line 617]
Event: 136.549 Thread 0x0000021386e3c800 Exception <a 'sun/nio/fs/WindowsException'{0x000000009170c3f8}> (0x000000009170c3f8) thrown at [src/hotspot/share/prims/jni.cpp, line 617]
Event: 136.614 Thread 0x0000021386e3c800 Exception <a 'sun/nio/fs/WindowsException'{0x0000000090dade58}> (0x0000000090dade58) thrown at [src/hotspot/share/prims/jni.cpp, line 617]
Event: 137.369 Thread 0x0000021386e3c800 Exception <a 'sun/nio/fs/WindowsException'{0x000000008e9d2428}> (0x000000008e9d2428) thrown at [src/hotspot/share/prims/jni.cpp, line 617]
Event: 137.396 Thread 0x0000021386e3c800 Exception <a 'sun/nio/fs/WindowsException'{0x000000008db96e88}> (0x000000008db96e88) thrown at [src/hotspot/share/prims/jni.cpp, line 617]

Events (20 events):
Event: 137.173 Thread 0x00000213fe70a000 flushing nmethod 0x00000213ecd8d590
Event: 137.173 Thread 0x00000213fe70a000 flushing nmethod 0x00000213ecd92510
Event: 137.173 Thread 0x00000213fe70a000 flushing nmethod 0x00000213ecd9cd90
Event: 137.173 Thread 0x00000213fe70a000 flushing nmethod 0x00000213ece32e10
Event: 137.173 Thread 0x00000213fe70a000 flushing nmethod 0x00000213ece3db90
Event: 137.174 Thread 0x00000213fe70a000 flushing nmethod 0x00000213ece8f010
Event: 137.174 Thread 0x00000213fe70a000 flushing nmethod 0x00000213ece9ea10
Event: 137.174 Thread 0x00000213fe70a000 flushing nmethod 0x00000213ecec5d90
Event: 137.174 Thread 0x00000213fe70a000 flushing nmethod 0x00000213ecec7a90
Event: 137.174 Thread 0x00000213fe70a000 flushing nmethod 0x00000213ecedc290
Event: 137.174 Thread 0x00000213fe70a000 flushing nmethod 0x00000213ecee4f10
Event: 137.174 Thread 0x00000213fe70a000 flushing nmethod 0x00000213ecef9a10
Event: 137.174 Thread 0x00000213fe70a000 flushing nmethod 0x00000213ecefca10
Event: 137.174 Thread 0x00000213fe70a000 flushing nmethod 0x00000213ecefd890
Event: 137.174 Thread 0x00000213fe70a000 flushing nmethod 0x00000213eceff390
Event: 137.174 Thread 0x00000213fe70a000 flushing nmethod 0x00000213ecf49010
Event: 137.174 Thread 0x00000213fe70a000 flushing nmethod 0x00000213ecfada90
Event: 137.175 Thread 0x00000213fe70a000 flushing nmethod 0x00000213ed029e10
Event: 137.176 Thread 0x00000213fe70a000 flushing nmethod 0x00000213ed17bb90
Event: 137.418 Executing VM operation: G1CollectForAllocation


Dynamic libraries:
0x00007ff742850000 - 0x00007ff74285a000 	C:\Program Files\Android\Android Studio\jbr\bin\java.exe
0x00007ff872bd0000 - 0x00007ff872dc8000 	C:\WINDOWS\SYSTEM32\ntdll.dll
0x00007ff8713e0000 - 0x00007ff87149d000 	C:\WINDOWS\System32\KERNEL32.DLL
0x00007ff870530000 - 0x00007ff8707fe000 	C:\WINDOWS\System32\KERNELBASE.dll
0x00007ff870890000 - 0x00007ff870990000 	C:\WINDOWS\System32\ucrtbase.dll
0x00007ff8692b0000 - 0x00007ff8692cb000 	C:\Program Files\Android\Android Studio\jbr\bin\VCRUNTIME140.dll
0x00007ff860510000 - 0x00007ff860527000 	C:\Program Files\Android\Android Studio\jbr\bin\jli.dll
0x00007ff870c30000 - 0x00007ff870dd0000 	C:\WINDOWS\System32\USER32.dll
0x00007ff870990000 - 0x00007ff8709b2000 	C:\WINDOWS\System32\win32u.dll
0x00007ff8618a0000 - 0x00007ff861b3a000 	C:\WINDOWS\WinSxS\amd64_microsoft.windows.common-controls_6595b64144ccf1df_6.0.19041.1110_none_60b5254171f9507e\COMCTL32.dll
0x00007ff872200000 - 0x00007ff87222a000 	C:\WINDOWS\System32\GDI32.dll
0x00007ff8722b0000 - 0x00007ff87234e000 	C:\WINDOWS\System32\msvcrt.dll
0x00007ff870ab0000 - 0x00007ff870bbb000 	C:\WINDOWS\System32\gdi32full.dll
0x00007ff8709c0000 - 0x00007ff870a5d000 	C:\WINDOWS\System32\msvcp_win.dll
0x00007ff872710000 - 0x00007ff872740000 	C:\WINDOWS\System32\IMM32.DLL
0x00007ff86cec0000 - 0x00007ff86cecc000 	C:\Program Files\Android\Android Studio\jbr\bin\vcruntime140_1.dll
0x00007ff841b70000 - 0x00007ff841bfd000 	C:\Program Files\Android\Android Studio\jbr\bin\msvcp140.dll
0x00007ff800c50000 - 0x00007ff80180c000 	C:\Program Files\Android\Android Studio\jbr\bin\server\jvm.dll
0x00007ff870dd0000 - 0x00007ff870e7e000 	C:\WINDOWS\System32\ADVAPI32.dll
0x00007ff872670000 - 0x00007ff87270c000 	C:\WINDOWS\System32\sechost.dll
0x00007ff8724e0000 - 0x00007ff872605000 	C:\WINDOWS\System32\RPCRT4.dll
0x00007ff8722a0000 - 0x00007ff8722a8000 	C:\WINDOWS\System32\PSAPI.DLL
0x00007ff8656e0000 - 0x00007ff8656e9000 	C:\WINDOWS\SYSTEM32\WSOCK32.dll
0x00007ff85a930000 - 0x00007ff85a957000 	C:\WINDOWS\SYSTEM32\WINMM.dll
0x00007ff872470000 - 0x00007ff8724db000 	C:\WINDOWS\System32\WS2_32.dll
0x00007ff860130000 - 0x00007ff86013a000 	C:\WINDOWS\SYSTEM32\VERSION.dll
0x00007ff86e1f0000 - 0x00007ff86e202000 	C:\WINDOWS\SYSTEM32\kernel.appcore.dll
0x00007ff86be50000 - 0x00007ff86be60000 	C:\Program Files\Android\Android Studio\jbr\bin\verify.dll
0x00007ff85dc50000 - 0x00007ff85de34000 	C:\WINDOWS\SYSTEM32\DBGHELP.DLL
0x00007ff85dc20000 - 0x00007ff85dc4c000 	C:\WINDOWS\SYSTEM32\dbgcore.DLL
0x00007ff870800000 - 0x00007ff870882000 	C:\WINDOWS\System32\bcryptPrimitives.dll
0x00007ff865700000 - 0x00007ff865728000 	C:\Program Files\Android\Android Studio\jbr\bin\java.dll
0x00007ff8686a0000 - 0x00007ff8686aa000 	C:\Program Files\Android\Android Studio\jbr\bin\jimage.dll
0x00007ff8654d0000 - 0x00007ff8654e8000 	C:\Program Files\Android\Android Studio\jbr\bin\zip.dll
0x00007ff8714a0000 - 0x00007ff871be4000 	C:\WINDOWS\System32\SHELL32.dll
0x00007ff86e3f0000 - 0x00007ff86eb84000 	C:\WINDOWS\SYSTEM32\windows.storage.dll
0x00007ff870f30000 - 0x00007ff871284000 	C:\WINDOWS\System32\combase.dll
0x00007ff86fd50000 - 0x00007ff86fd80000 	C:\WINDOWS\SYSTEM32\Wldp.dll
0x00007ff872ae0000 - 0x00007ff872b8d000 	C:\WINDOWS\System32\SHCORE.dll
0x00007ff872240000 - 0x00007ff872295000 	C:\WINDOWS\System32\shlwapi.dll
0x00007ff870230000 - 0x00007ff87024f000 	C:\WINDOWS\SYSTEM32\profapi.dll
0x00007ff8654b0000 - 0x00007ff8654c9000 	C:\Program Files\Android\Android Studio\jbr\bin\net.dll
0x00007ff862470000 - 0x00007ff86257a000 	C:\WINDOWS\SYSTEM32\WINHTTP.dll
0x00007ff86fab0000 - 0x00007ff86fb1a000 	C:\WINDOWS\system32\mswsock.dll
0x00007ff865390000 - 0x00007ff8653a3000 	C:\Program Files\Android\Android Studio\jbr\bin\nio.dll
0x00007ff8688e0000 - 0x00007ff868907000 	C:\Program Files\Java\jdk-17.0.2\bin\native\8bec1ad78214c89d9ad589b4d07fe93259594b29d510b10fafb7a158f7737e5d\windows-amd64\native-platform.dll
0x00007ff842b20000 - 0x00007ff842c5d000 	C:\Program Files\Java\jdk-17.0.2\bin\native\53dbd7edfb1c66fb8903c78663c9afc45aea4f116125fa6feffd364cf09443e8\windows-amd64\native-platform-file-events.dll
0x00007ff865d80000 - 0x00007ff865d8a000 	C:\Program Files\Android\Android Studio\jbr\bin\management.dll
0x00007ff8656f0000 - 0x00007ff8656fb000 	C:\Program Files\Android\Android Studio\jbr\bin\management_ext.dll
0x00007ff86fcb0000 - 0x00007ff86fcc8000 	C:\WINDOWS\SYSTEM32\CRYPTSP.dll
0x00007ff86f3c0000 - 0x00007ff86f3f4000 	C:\WINDOWS\system32\rsaenh.dll
0x00007ff870500000 - 0x00007ff870527000 	C:\WINDOWS\System32\bcrypt.dll
0x00007ff8701f0000 - 0x00007ff87021e000 	C:\WINDOWS\SYSTEM32\USERENV.dll
0x00007ff86fca0000 - 0x00007ff86fcac000 	C:\WINDOWS\SYSTEM32\CRYPTBASE.dll
0x00007ff86f750000 - 0x00007ff86f78b000 	C:\WINDOWS\SYSTEM32\IPHLPAPI.DLL
0x00007ff8720f0000 - 0x00007ff8720f8000 	C:\WINDOWS\System32\NSI.dll
0x00007ff865df0000 - 0x00007ff865e07000 	C:\WINDOWS\SYSTEM32\dhcpcsvc6.DLL
0x00007ff867ad0000 - 0x00007ff867aed000 	C:\WINDOWS\SYSTEM32\dhcpcsvc.DLL
0x00007ff86f790000 - 0x00007ff86f85b000 	C:\WINDOWS\SYSTEM32\DNSAPI.dll
0x00007ff860d80000 - 0x00007ff860da7000 	C:\Program Files\Android\Android Studio\jbr\bin\sunec.dll
0x00007ff862350000 - 0x00007ff86235a000 	C:\Windows\System32\rasadhlp.dll

dbghelp: loaded successfully - version: 4.0.5 - missing functions: none
symbol engine: initialized successfully - sym options: 0x614 - pdb path: .;C:\Program Files\Android\Android Studio\jbr\bin;C:\WINDOWS\SYSTEM32;C:\WINDOWS\WinSxS\amd64_microsoft.windows.common-controls_6595b64144ccf1df_6.0.19041.1110_none_60b5254171f9507e;C:\Program Files\Android\Android Studio\jbr\bin\server;C:\Program Files\Java\jdk-17.0.2\bin\native\8bec1ad78214c89d9ad589b4d07fe93259594b29d510b10fafb7a158f7737e5d\windows-amd64;C:\Program Files\Java\jdk-17.0.2\bin\native\53dbd7edfb1c66fb8903c78663c9afc45aea4f116125fa6feffd364cf09443e8\windows-amd64

VM Arguments:
jvm_args: --add-opens=java.base/java.util=ALL-UNNAMED --add-opens=java.base/java.lang=ALL-UNNAMED --add-opens=java.base/java.lang.invoke=ALL-UNNAMED --add-opens=java.base/java.util=ALL-UNNAMED --add-opens=java.prefs/java.util.prefs=ALL-UNNAMED --add-opens=java.prefs/java.util.prefs=ALL-UNNAMED --add-opens=java.base/java.nio.charset=ALL-UNNAMED --add-opens=java.base/java.net=ALL-UNNAMED --add-opens=java.base/java.util.concurrent.atomic=ALL-UNNAMED -Xmx2048m -Dfile.encoding=UTF-8 -Duser.country=US -Duser.language=en -Duser.variant 
java_command: org.gradle.launcher.daemon.bootstrap.GradleDaemon 7.0.2
java_class_path (initial): C:\Program Files\Java\jdk-17.0.2\bin\wrapper\dists\gradle-7.0.2-bin\857tjihv64xamwrf0h14cai3r\gradle-7.0.2\lib\gradle-launcher-7.0.2.jar
Launcher Type: SUN_STANDARD

[Global flags]
     intx CICompilerCount                          = 3                                         {product} {ergonomic}
     uint ConcGCThreads                            = 1                                         {product} {ergonomic}
     uint G1ConcRefinementThreads                  = 4                                         {product} {ergonomic}
   size_t G1HeapRegionSize                         = 1048576                                   {product} {ergonomic}
    uintx GCDrainStackTargetSize                   = 64                                        {product} {ergonomic}
   size_t InitialHeapSize                          = 134217728                                 {product} {ergonomic}
   size_t MarkStackSize                            = 4194304                                   {product} {ergonomic}
   size_t MaxHeapSize                              = 2147483648                                {product} {command line}
   size_t MaxNewSize                               = 1287651328                                {product} {ergonomic}
   size_t MinHeapDeltaBytes                        = 1048576                                   {product} {ergonomic}
    uintx NonNMethodCodeHeapSize                   = 5830732                                {pd product} {ergonomic}
    uintx NonProfiledCodeHeapSize                  = 122913754                              {pd product} {ergonomic}
    uintx ProfiledCodeHeapSize                     = 122913754                              {pd product} {ergonomic}
    uintx ReservedCodeCacheSize                    = 251658240                              {pd product} {ergonomic}
     bool SegmentedCodeCache                       = true                                      {product} {ergonomic}
     bool UseCompressedClassPointers               = true                                 {lp64_product} {ergonomic}
     bool UseCompressedOops                        = true                                 {lp64_product} {ergonomic}
     bool UseG1GC                                  = true                                      {product} {ergonomic}
     bool UseLargePagesIndividualAllocation        = false                                  {pd product} {ergonomic}

Logging:
Log output configuration:
 #0: stdout all=warning uptime,level,tags
 #1: stderr all=off uptime,level,tags

Environment Variables:
JAVA_HOME=C:\Program Files\Java\jdk-11.0.17
PATH=C:\Program Files (x86)\Common Files\Oracle\Java\javapath;C:\Program Files\Common Files\Oracle\Java\javapath;C:\WINDOWS\system32;C:\WINDOWS;C:\WINDOWS\System32\Wbem;C:\WINDOWS\System32\WindowsPowerShell\v1.0\;C:\WINDOWS\System32\OpenSSH\;C:\Program Files\Git\cmd;C:\Program Files\nodejs\;C:\Program Files\Java\jdk1.8.0_202;C:\Program Files\Java\jdk1.8.0_202\bin;C:\Users\King\AppData\Local\Android\Sdk\tools;C:\Users\King\AppData\Local\Microsoft\WindowsApps;C:\Users\King\AppData\Local\Programs\Microsoft VS Code\bin;C:\Users\King\AppData\Roaming\npm;C:\Users\King\AppData\Local\Android\Sdk\platform-tools;C:\Users\King\AppData\Local\Android\Sdk;C:\flutter_windows_2.10.4-stable\flutter\bin;C:\flutter_windows_2.10.4-stable\flutter
USERNAME=King
OS=Windows_NT
PROCESSOR_IDENTIFIER=Intel64 Family 6 Model 58 Stepping 9, GenuineIntel



---------------  S Y S T E M  ---------------

OS: Windows 10 , 64 bit Build 19041 (10.0.19041.1806)
OS uptime: 0 days 2:01 hours

CPU:total 4 (initial active 4) (2 cores per cpu, 2 threads per core) family 6 model 58 stepping 9 microcode 0x21, cmov, cx8, fxsr, mmx, sse, sse2, sse3, ssse3, sse4.1, sse4.2, popcnt, avx, aes, clmul, erms, ht, tsc, tscinvbit, tscinv

Memory: 4k page, system-wide physical 8094M (880M free)
TotalPageFile size 9919M (AvailPageFile size 39M)
current process WorkingSet (physical memory assigned to process): 660M, peak: 686M
current process commit charge ("private bytes"): 723M, peak: 787M

vm_info: OpenJDK 64-Bit Server VM (11.0.15+0-b2043.56-9505619) for windows-amd64 JRE (11.0.15+0-b2043.56-9505619), built on Jan 19 2023 02:48:00 by "builduser" with unknown MS VC++:1929

END.
